<?xml version="1.0" encoding="UTF-8"?>
<robot generator="Robot 6.0.2 (Python 3.11.0 on win32)" generated="20230701 17:28:21.475" rpa="false" schemaversion="3">
<suite id="s1" name="Full Regression" source="C:\Users\Marek\PycharmProjects\bookstore-rest\tests">
<suite id="s1-s1" name="Book" source="C:\Users\Marek\PycharmProjects\bookstore-rest\tests\book.robot">
<test id="s1-s1-t1" name="Should be able to create new book" line="12">
<kw name="Begin web test" library="utils" type="SETUP">
<kw name="Open Browser" library="SeleniumLibrary">
<arg>${START_URL}</arg>
<arg>${BROWSER}</arg>
<doc>Opens a new browser instance to the optional ``url``.</doc>
<msg timestamp="20230701 17:28:21.968" level="INFO">Opening browser 'chrome' to base url 'http://127.0.0.1:5000'.</msg>
<status status="PASS" starttime="20230701 17:28:21.967" endtime="20230701 17:28:25.463"/>
</kw>
<kw name="Maximize Browser Window" library="SeleniumLibrary">
<doc>Maximizes current browser window.</doc>
<status status="PASS" starttime="20230701 17:28:25.463" endtime="20230701 17:28:25.647"/>
</kw>
<kw name="Wait Until Page Contains" library="SeleniumLibrary">
<arg>Flask application</arg>
<doc>Waits until ``text`` appears on the current page.</doc>
<status status="PASS" starttime="20230701 17:28:25.647" endtime="20230701 17:28:25.669"/>
</kw>
<status status="PASS" starttime="20230701 17:28:21.967" endtime="20230701 17:28:25.669"/>
</kw>
<kw name="Login to admin account" library="utils">
<kw name="Go to login page" library="user">
<kw name="Click Link" library="SeleniumLibrary">
<arg>Login</arg>
<doc>Clicks a link identified by ``locator``.</doc>
<msg timestamp="20230701 17:28:25.671" level="INFO">Clicking link 'Login'.</msg>
<status status="PASS" starttime="20230701 17:28:25.671" endtime="20230701 17:28:25.842"/>
</kw>
<kw name="Wait Until Page Contains" library="SeleniumLibrary">
<arg>Password</arg>
<doc>Waits until ``text`` appears on the current page.</doc>
<status status="PASS" starttime="20230701 17:28:25.843" endtime="20230701 17:28:25.864"/>
</kw>
<status status="PASS" starttime="20230701 17:28:25.670" endtime="20230701 17:28:25.864"/>
</kw>
<kw name="Use valid account data" library="user">
<kw name="Input Text" library="SeleniumLibrary">
<arg>name=login</arg>
<arg>${ADMIN_ACCOUNT_LOGIN}</arg>
<doc>Types the given ``text`` into the text field identified by ``locator``.</doc>
<msg timestamp="20230701 17:28:25.865" level="INFO">Typing text 'admin' into text field 'name=login'.</msg>
<status status="PASS" starttime="20230701 17:28:25.864" endtime="20230701 17:28:26.009"/>
</kw>
<kw name="Input Text" library="SeleniumLibrary">
<arg>name=password</arg>
<arg>${ADMIN_ACCOUNT_PASSWORD}</arg>
<doc>Types the given ``text`` into the text field identified by ``locator``.</doc>
<msg timestamp="20230701 17:28:26.010" level="INFO">Typing text 'admin' into text field 'name=password'.</msg>
<status status="PASS" starttime="20230701 17:28:26.009" endtime="20230701 17:28:26.121"/>
</kw>
<kw name="Click Button" library="SeleniumLibrary">
<arg>Login</arg>
<doc>Clicks the button identified by ``locator``.</doc>
<msg timestamp="20230701 17:28:26.122" level="INFO">Clicking button 'Login'.</msg>
<status status="PASS" starttime="20230701 17:28:26.121" endtime="20230701 17:28:26.239"/>
</kw>
<status status="PASS" starttime="20230701 17:28:25.864" endtime="20230701 17:28:26.240"/>
</kw>
<status status="PASS" starttime="20230701 17:28:25.670" endtime="20230701 17:28:26.240"/>
</kw>
<kw name="Go to create book page" library="book">
<kw name="Click Link" library="SeleniumLibrary">
<arg>Create book</arg>
<doc>Clicks a link identified by ``locator``.</doc>
<msg timestamp="20230701 17:28:26.242" level="INFO">Clicking link 'Create book'.</msg>
<status status="PASS" starttime="20230701 17:28:26.241" endtime="20230701 17:28:26.369"/>
</kw>
<status status="PASS" starttime="20230701 17:28:26.241" endtime="20230701 17:28:26.369"/>
</kw>
<kw name="Use valid book data" library="book">
<kw name="Input Text" library="SeleniumLibrary">
<arg>name=title</arg>
<arg>${BOOK_TITLE}</arg>
<doc>Types the given ``text`` into the text field identified by ``locator``.</doc>
<msg timestamp="20230701 17:28:26.370" level="INFO">Typing text 'Design patterns: elements of reusable object-oriented software' into text field 'name=title'.</msg>
<status status="PASS" starttime="20230701 17:28:26.370" endtime="20230701 17:28:26.591"/>
</kw>
<kw name="Input Text" library="SeleniumLibrary">
<arg>name=author</arg>
<arg>${BOOK_AUTHOR}</arg>
<doc>Types the given ``text`` into the text field identified by ``locator``.</doc>
<msg timestamp="20230701 17:28:26.591" level="INFO">Typing text 'Erich Gamma, Richard Helm, Ralph Johnson, John Vlissides' into text field 'name=author'.</msg>
<status status="PASS" starttime="20230701 17:28:26.591" endtime="20230701 17:28:26.816"/>
</kw>
<kw name="Input Text" library="SeleniumLibrary">
<arg>name=genre</arg>
<arg>${BOOK_GENRE}</arg>
<doc>Types the given ``text`` into the text field identified by ``locator``.</doc>
<msg timestamp="20230701 17:28:26.816" level="INFO">Typing text 'Information Technology' into text field 'name=genre'.</msg>
<status status="PASS" starttime="20230701 17:28:26.816" endtime="20230701 17:28:26.959"/>
</kw>
<kw name="Input Text" library="SeleniumLibrary">
<arg>name=price</arg>
<arg>${BOOK_PRICE}</arg>
<doc>Types the given ``text`` into the text field identified by ``locator``.</doc>
<msg timestamp="20230701 17:28:26.960" level="INFO">Typing text '25.11' into text field 'name=price'.</msg>
<status status="PASS" starttime="20230701 17:28:26.960" endtime="20230701 17:28:27.068"/>
</kw>
<kw name="Input Text" library="SeleniumLibrary">
<arg>name=cover</arg>
<arg>${BOOK_COVER}</arg>
<doc>Types the given ``text`` into the text field identified by ``locator``.</doc>
<msg timestamp="20230701 17:28:27.069" level="INFO">Typing text 'https://m.media-amazon.com/images/I/51MAu0VlUkL._SX395_BO1,204,203,200_.jpg' into text field 'name=cover'.</msg>
<status status="PASS" starttime="20230701 17:28:27.068" endtime="20230701 17:28:27.285"/>
</kw>
<kw name="Input Text" library="SeleniumLibrary">
<arg>name=description</arg>
<arg>${BOOK_DESCRIPTION}</arg>
<doc>Types the given ``text`` into the text field identified by ``locator``.</doc>
<msg timestamp="20230701 17:28:27.286" level="INFO">Typing text 'Capturing a wealth of experience about the design of object-oriented software, four top-notch designers present a catalog of simple and succinct solutions to commonly occurring design problems. Previously undocumented, these 23 patterns allow designers to create more flexible, elegant, and ultimately reusable designs without having to rediscover the design solutions themselves.' into text field 'name=description'.</msg>
<status status="PASS" starttime="20230701 17:28:27.286" endtime="20230701 17:28:27.728"/>
</kw>
<kw name="Click Button" library="SeleniumLibrary">
<arg>Create book</arg>
<doc>Clicks the button identified by ``locator``.</doc>
<msg timestamp="20230701 17:28:27.729" level="INFO">Clicking button 'Create book'.</msg>
<status status="PASS" starttime="20230701 17:28:27.728" endtime="20230701 17:28:27.846"/>
</kw>
<status status="PASS" starttime="20230701 17:28:26.369" endtime="20230701 17:28:27.846"/>
</kw>
<kw name="End test" library="utils" type="TEARDOWN">
<kw name="Close Browser" library="SeleniumLibrary">
<doc>Closes the current browser.</doc>
<status status="PASS" starttime="20230701 17:28:27.847" endtime="20230701 17:28:30.077"/>
</kw>
<status status="PASS" starttime="20230701 17:28:27.847" endtime="20230701 17:28:30.077"/>
</kw>
<tag>2001</tag>
<tag>Books</tag>
<tag>Smoke</tag>
<status status="PASS" starttime="20230701 17:28:21.966" endtime="20230701 17:28:30.078"/>
</test>
<test id="s1-s1-t2" name="Should not be able to create new book with empty title field" line="18">
<kw name="Begin web test" library="utils" type="SETUP">
<kw name="Open Browser" library="SeleniumLibrary">
<arg>${START_URL}</arg>
<arg>${BROWSER}</arg>
<doc>Opens a new browser instance to the optional ``url``.</doc>
<msg timestamp="20230701 17:28:30.082" level="INFO">Opening browser 'chrome' to base url 'http://127.0.0.1:5000'.</msg>
<status status="PASS" starttime="20230701 17:28:30.081" endtime="20230701 17:28:31.877"/>
</kw>
<kw name="Maximize Browser Window" library="SeleniumLibrary">
<doc>Maximizes current browser window.</doc>
<status status="PASS" starttime="20230701 17:28:31.878" endtime="20230701 17:28:32.053"/>
</kw>
<kw name="Wait Until Page Contains" library="SeleniumLibrary">
<arg>Flask application</arg>
<doc>Waits until ``text`` appears on the current page.</doc>
<status status="PASS" starttime="20230701 17:28:32.053" endtime="20230701 17:28:32.077"/>
</kw>
<status status="PASS" starttime="20230701 17:28:30.081" endtime="20230701 17:28:32.077"/>
</kw>
<kw name="Login to admin account" library="utils">
<kw name="Go to login page" library="user">
<kw name="Click Link" library="SeleniumLibrary">
<arg>Login</arg>
<doc>Clicks a link identified by ``locator``.</doc>
<msg timestamp="20230701 17:28:32.079" level="INFO">Clicking link 'Login'.</msg>
<status status="PASS" starttime="20230701 17:28:32.078" endtime="20230701 17:28:32.221"/>
</kw>
<kw name="Wait Until Page Contains" library="SeleniumLibrary">
<arg>Password</arg>
<doc>Waits until ``text`` appears on the current page.</doc>
<status status="PASS" starttime="20230701 17:28:32.221" endtime="20230701 17:28:32.242"/>
</kw>
<status status="PASS" starttime="20230701 17:28:32.078" endtime="20230701 17:28:32.242"/>
</kw>
<kw name="Use valid account data" library="user">
<kw name="Input Text" library="SeleniumLibrary">
<arg>name=login</arg>
<arg>${ADMIN_ACCOUNT_LOGIN}</arg>
<doc>Types the given ``text`` into the text field identified by ``locator``.</doc>
<msg timestamp="20230701 17:28:32.243" level="INFO">Typing text 'admin' into text field 'name=login'.</msg>
<status status="PASS" starttime="20230701 17:28:32.243" endtime="20230701 17:28:32.357"/>
</kw>
<kw name="Input Text" library="SeleniumLibrary">
<arg>name=password</arg>
<arg>${ADMIN_ACCOUNT_PASSWORD}</arg>
<doc>Types the given ``text`` into the text field identified by ``locator``.</doc>
<msg timestamp="20230701 17:28:32.358" level="INFO">Typing text 'admin' into text field 'name=password'.</msg>
<status status="PASS" starttime="20230701 17:28:32.357" endtime="20230701 17:28:32.448"/>
</kw>
<kw name="Click Button" library="SeleniumLibrary">
<arg>Login</arg>
<doc>Clicks the button identified by ``locator``.</doc>
<msg timestamp="20230701 17:28:32.449" level="INFO">Clicking button 'Login'.</msg>
<status status="PASS" starttime="20230701 17:28:32.449" endtime="20230701 17:28:32.547"/>
</kw>
<status status="PASS" starttime="20230701 17:28:32.242" endtime="20230701 17:28:32.547"/>
</kw>
<status status="PASS" starttime="20230701 17:28:32.078" endtime="20230701 17:28:32.547"/>
</kw>
<kw name="Go to create book page" library="book">
<kw name="Click Link" library="SeleniumLibrary">
<arg>Create book</arg>
<doc>Clicks a link identified by ``locator``.</doc>
<msg timestamp="20230701 17:28:32.548" level="INFO">Clicking link 'Create book'.</msg>
<status status="PASS" starttime="20230701 17:28:32.548" endtime="20230701 17:28:32.645"/>
</kw>
<status status="PASS" starttime="20230701 17:28:32.548" endtime="20230701 17:28:32.645"/>
</kw>
<kw name="Input book data with empty title field" library="book">
<kw name="Input Text" library="SeleniumLibrary">
<arg>name=author</arg>
<arg>${BOOK_AUTHOR}</arg>
<doc>Types the given ``text`` into the text field identified by ``locator``.</doc>
<msg timestamp="20230701 17:28:32.646" level="INFO">Typing text 'Erich Gamma, Richard Helm, Ralph Johnson, John Vlissides' into text field 'name=author'.</msg>
<status status="PASS" starttime="20230701 17:28:32.646" endtime="20230701 17:28:32.823"/>
</kw>
<kw name="Input Text" library="SeleniumLibrary">
<arg>name=genre</arg>
<arg>${BOOK_GENRE}</arg>
<doc>Types the given ``text`` into the text field identified by ``locator``.</doc>
<msg timestamp="20230701 17:28:32.824" level="INFO">Typing text 'Information Technology' into text field 'name=genre'.</msg>
<status status="PASS" starttime="20230701 17:28:32.823" endtime="20230701 17:28:32.933"/>
</kw>
<kw name="Input Text" library="SeleniumLibrary">
<arg>name=price</arg>
<arg>${BOOK_PRICE}</arg>
<doc>Types the given ``text`` into the text field identified by ``locator``.</doc>
<msg timestamp="20230701 17:28:32.933" level="INFO">Typing text '25.11' into text field 'name=price'.</msg>
<status status="PASS" starttime="20230701 17:28:32.933" endtime="20230701 17:28:33.018"/>
</kw>
<kw name="Input Text" library="SeleniumLibrary">
<arg>name=cover</arg>
<arg>${BOOK_COVER}</arg>
<doc>Types the given ``text`` into the text field identified by ``locator``.</doc>
<msg timestamp="20230701 17:28:33.019" level="INFO">Typing text 'https://m.media-amazon.com/images/I/51MAu0VlUkL._SX395_BO1,204,203,200_.jpg' into text field 'name=cover'.</msg>
<status status="PASS" starttime="20230701 17:28:33.018" endtime="20230701 17:28:33.181"/>
</kw>
<kw name="Input Text" library="SeleniumLibrary">
<arg>name=description</arg>
<arg>${BOOK_DESCRIPTION}</arg>
<doc>Types the given ``text`` into the text field identified by ``locator``.</doc>
<msg timestamp="20230701 17:28:33.181" level="INFO">Typing text 'Capturing a wealth of experience about the design of object-oriented software, four top-notch designers present a catalog of simple and succinct solutions to commonly occurring design problems. Previously undocumented, these 23 patterns allow designers to create more flexible, elegant, and ultimately reusable designs without having to rediscover the design solutions themselves.' into text field 'name=description'.</msg>
<status status="PASS" starttime="20230701 17:28:33.181" endtime="20230701 17:28:33.654"/>
</kw>
<kw name="Click Button" library="SeleniumLibrary">
<arg>Create book</arg>
<doc>Clicks the button identified by ``locator``.</doc>
<msg timestamp="20230701 17:28:33.655" level="INFO">Clicking button 'Create book'.</msg>
<status status="PASS" starttime="20230701 17:28:33.654" endtime="20230701 17:28:33.748"/>
</kw>
<status status="PASS" starttime="20230701 17:28:32.645" endtime="20230701 17:28:33.748"/>
</kw>
<kw name="Page Should Contain" library="SeleniumLibrary">
<arg>All fields have to be filled up</arg>
<doc>Verifies that current page contains ``text``.</doc>
<msg timestamp="20230701 17:28:33.766" level="INFO">Current page contains text 'All fields have to be filled up'.</msg>
<status status="PASS" starttime="20230701 17:28:33.749" endtime="20230701 17:28:33.766"/>
</kw>
<kw name="End test" library="utils" type="TEARDOWN">
<kw name="Close Browser" library="SeleniumLibrary">
<doc>Closes the current browser.</doc>
<status status="PASS" starttime="20230701 17:28:33.767" endtime="20230701 17:28:36.000"/>
</kw>
<status status="PASS" starttime="20230701 17:28:33.767" endtime="20230701 17:28:36.000"/>
</kw>
<tag>2002</tag>
<tag>Books</tag>
<tag>Smoke</tag>
<status status="PASS" starttime="20230701 17:28:30.080" endtime="20230701 17:28:36.001"/>
</test>
<test id="s1-s1-t3" name="Should not be able to create new book with empty author field" line="25">
<kw name="Begin web test" library="utils" type="SETUP">
<kw name="Open Browser" library="SeleniumLibrary">
<arg>${START_URL}</arg>
<arg>${BROWSER}</arg>
<doc>Opens a new browser instance to the optional ``url``.</doc>
<msg timestamp="20230701 17:28:36.004" level="INFO">Opening browser 'chrome' to base url 'http://127.0.0.1:5000'.</msg>
<status status="PASS" starttime="20230701 17:28:36.004" endtime="20230701 17:28:38.271"/>
</kw>
<kw name="Maximize Browser Window" library="SeleniumLibrary">
<doc>Maximizes current browser window.</doc>
<status status="PASS" starttime="20230701 17:28:38.271" endtime="20230701 17:28:38.412"/>
</kw>
<kw name="Wait Until Page Contains" library="SeleniumLibrary">
<arg>Flask application</arg>
<doc>Waits until ``text`` appears on the current page.</doc>
<status status="PASS" starttime="20230701 17:28:38.413" endtime="20230701 17:28:38.429"/>
</kw>
<status status="PASS" starttime="20230701 17:28:36.003" endtime="20230701 17:28:38.430"/>
</kw>
<kw name="Login to admin account" library="utils">
<kw name="Go to login page" library="user">
<kw name="Click Link" library="SeleniumLibrary">
<arg>Login</arg>
<doc>Clicks a link identified by ``locator``.</doc>
<msg timestamp="20230701 17:28:38.431" level="INFO">Clicking link 'Login'.</msg>
<status status="PASS" starttime="20230701 17:28:38.431" endtime="20230701 17:28:38.559"/>
</kw>
<kw name="Wait Until Page Contains" library="SeleniumLibrary">
<arg>Password</arg>
<doc>Waits until ``text`` appears on the current page.</doc>
<status status="PASS" starttime="20230701 17:28:38.559" endtime="20230701 17:28:38.574"/>
</kw>
<status status="PASS" starttime="20230701 17:28:38.430" endtime="20230701 17:28:38.575"/>
</kw>
<kw name="Use valid account data" library="user">
<kw name="Input Text" library="SeleniumLibrary">
<arg>name=login</arg>
<arg>${ADMIN_ACCOUNT_LOGIN}</arg>
<doc>Types the given ``text`` into the text field identified by ``locator``.</doc>
<msg timestamp="20230701 17:28:38.575" level="INFO">Typing text 'admin' into text field 'name=login'.</msg>
<status status="PASS" starttime="20230701 17:28:38.575" endtime="20230701 17:28:38.699"/>
</kw>
<kw name="Input Text" library="SeleniumLibrary">
<arg>name=password</arg>
<arg>${ADMIN_ACCOUNT_PASSWORD}</arg>
<doc>Types the given ``text`` into the text field identified by ``locator``.</doc>
<msg timestamp="20230701 17:28:38.699" level="INFO">Typing text 'admin' into text field 'name=password'.</msg>
<status status="PASS" starttime="20230701 17:28:38.699" endtime="20230701 17:28:38.773"/>
</kw>
<kw name="Click Button" library="SeleniumLibrary">
<arg>Login</arg>
<doc>Clicks the button identified by ``locator``.</doc>
<msg timestamp="20230701 17:28:38.773" level="INFO">Clicking button 'Login'.</msg>
<status status="PASS" starttime="20230701 17:28:38.773" endtime="20230701 17:28:38.874"/>
</kw>
<status status="PASS" starttime="20230701 17:28:38.575" endtime="20230701 17:28:38.875"/>
</kw>
<status status="PASS" starttime="20230701 17:28:38.430" endtime="20230701 17:28:38.875"/>
</kw>
<kw name="Go to create book page" library="book">
<kw name="Click Link" library="SeleniumLibrary">
<arg>Create book</arg>
<doc>Clicks a link identified by ``locator``.</doc>
<msg timestamp="20230701 17:28:38.877" level="INFO">Clicking link 'Create book'.</msg>
<status status="PASS" starttime="20230701 17:28:38.876" endtime="20230701 17:28:38.962"/>
</kw>
<status status="PASS" starttime="20230701 17:28:38.876" endtime="20230701 17:28:38.962"/>
</kw>
<kw name="Input book data with empty author field" library="book">
<kw name="Input Text" library="SeleniumLibrary">
<arg>name=title</arg>
<arg>${BOOK_TITLE}</arg>
<doc>Types the given ``text`` into the text field identified by ``locator``.</doc>
<msg timestamp="20230701 17:28:38.964" level="INFO">Typing text 'Design patterns: elements of reusable object-oriented software' into text field 'name=title'.</msg>
<status status="PASS" starttime="20230701 17:28:38.964" endtime="20230701 17:28:39.132"/>
</kw>
<kw name="Input Text" library="SeleniumLibrary">
<arg>name=genre</arg>
<arg>${BOOK_GENRE}</arg>
<doc>Types the given ``text`` into the text field identified by ``locator``.</doc>
<msg timestamp="20230701 17:28:39.133" level="INFO">Typing text 'Information Technology' into text field 'name=genre'.</msg>
<status status="PASS" starttime="20230701 17:28:39.132" endtime="20230701 17:28:39.243"/>
</kw>
<kw name="Input Text" library="SeleniumLibrary">
<arg>name=price</arg>
<arg>${BOOK_PRICE}</arg>
<doc>Types the given ``text`` into the text field identified by ``locator``.</doc>
<msg timestamp="20230701 17:28:39.244" level="INFO">Typing text '25.11' into text field 'name=price'.</msg>
<status status="PASS" starttime="20230701 17:28:39.244" endtime="20230701 17:28:39.332"/>
</kw>
<kw name="Input Text" library="SeleniumLibrary">
<arg>name=cover</arg>
<arg>${BOOK_COVER}</arg>
<doc>Types the given ``text`` into the text field identified by ``locator``.</doc>
<msg timestamp="20230701 17:28:39.333" level="INFO">Typing text 'https://m.media-amazon.com/images/I/51MAu0VlUkL._SX395_BO1,204,203,200_.jpg' into text field 'name=cover'.</msg>
<status status="PASS" starttime="20230701 17:28:39.333" endtime="20230701 17:28:39.507"/>
</kw>
<kw name="Input Text" library="SeleniumLibrary">
<arg>name=description</arg>
<arg>${BOOK_DESCRIPTION}</arg>
<doc>Types the given ``text`` into the text field identified by ``locator``.</doc>
<msg timestamp="20230701 17:28:39.508" level="INFO">Typing text 'Capturing a wealth of experience about the design of object-oriented software, four top-notch designers present a catalog of simple and succinct solutions to commonly occurring design problems. Previously undocumented, these 23 patterns allow designers to create more flexible, elegant, and ultimately reusable designs without having to rediscover the design solutions themselves.' into text field 'name=description'.</msg>
<status status="PASS" starttime="20230701 17:28:39.507" endtime="20230701 17:28:39.920"/>
</kw>
<kw name="Click Button" library="SeleniumLibrary">
<arg>Create book</arg>
<doc>Clicks the button identified by ``locator``.</doc>
<msg timestamp="20230701 17:28:39.921" level="INFO">Clicking button 'Create book'.</msg>
<status status="PASS" starttime="20230701 17:28:39.921" endtime="20230701 17:28:40.013"/>
</kw>
<status status="PASS" starttime="20230701 17:28:38.964" endtime="20230701 17:28:40.014"/>
</kw>
<kw name="Page Should Contain" library="SeleniumLibrary">
<arg>All fields have to be filled up</arg>
<doc>Verifies that current page contains ``text``.</doc>
<msg timestamp="20230701 17:28:40.035" level="INFO">Current page contains text 'All fields have to be filled up'.</msg>
<status status="PASS" starttime="20230701 17:28:40.014" endtime="20230701 17:28:40.035"/>
</kw>
<kw name="End test" library="utils" type="TEARDOWN">
<kw name="Close Browser" library="SeleniumLibrary">
<doc>Closes the current browser.</doc>
<status status="PASS" starttime="20230701 17:28:40.036" endtime="20230701 17:28:42.274"/>
</kw>
<status status="PASS" starttime="20230701 17:28:40.036" endtime="20230701 17:28:42.274"/>
</kw>
<tag>2003</tag>
<tag>Books Create</tag>
<tag>Smoke</tag>
<status status="PASS" starttime="20230701 17:28:36.003" endtime="20230701 17:28:42.275"/>
</test>
<test id="s1-s1-t4" name="Should not be able to create new book with empty genre field" line="32">
<kw name="Begin web test" library="utils" type="SETUP">
<kw name="Open Browser" library="SeleniumLibrary">
<arg>${START_URL}</arg>
<arg>${BROWSER}</arg>
<doc>Opens a new browser instance to the optional ``url``.</doc>
<msg timestamp="20230701 17:28:42.278" level="INFO">Opening browser 'chrome' to base url 'http://127.0.0.1:5000'.</msg>
<status status="PASS" starttime="20230701 17:28:42.278" endtime="20230701 17:28:43.977"/>
</kw>
<kw name="Maximize Browser Window" library="SeleniumLibrary">
<doc>Maximizes current browser window.</doc>
<status status="PASS" starttime="20230701 17:28:43.977" endtime="20230701 17:28:44.123"/>
</kw>
<kw name="Wait Until Page Contains" library="SeleniumLibrary">
<arg>Flask application</arg>
<doc>Waits until ``text`` appears on the current page.</doc>
<status status="PASS" starttime="20230701 17:28:44.123" endtime="20230701 17:28:44.141"/>
</kw>
<status status="PASS" starttime="20230701 17:28:42.277" endtime="20230701 17:28:44.141"/>
</kw>
<kw name="Login to admin account" library="utils">
<kw name="Go to login page" library="user">
<kw name="Click Link" library="SeleniumLibrary">
<arg>Login</arg>
<doc>Clicks a link identified by ``locator``.</doc>
<msg timestamp="20230701 17:28:44.143" level="INFO">Clicking link 'Login'.</msg>
<status status="PASS" starttime="20230701 17:28:44.142" endtime="20230701 17:28:44.296"/>
</kw>
<kw name="Wait Until Page Contains" library="SeleniumLibrary">
<arg>Password</arg>
<doc>Waits until ``text`` appears on the current page.</doc>
<status status="PASS" starttime="20230701 17:28:44.296" endtime="20230701 17:28:44.322"/>
</kw>
<status status="PASS" starttime="20230701 17:28:44.142" endtime="20230701 17:28:44.322"/>
</kw>
<kw name="Use valid account data" library="user">
<kw name="Input Text" library="SeleniumLibrary">
<arg>name=login</arg>
<arg>${ADMIN_ACCOUNT_LOGIN}</arg>
<doc>Types the given ``text`` into the text field identified by ``locator``.</doc>
<msg timestamp="20230701 17:28:44.323" level="INFO">Typing text 'admin' into text field 'name=login'.</msg>
<status status="PASS" starttime="20230701 17:28:44.322" endtime="20230701 17:28:44.442"/>
</kw>
<kw name="Input Text" library="SeleniumLibrary">
<arg>name=password</arg>
<arg>${ADMIN_ACCOUNT_PASSWORD}</arg>
<doc>Types the given ``text`` into the text field identified by ``locator``.</doc>
<msg timestamp="20230701 17:28:44.443" level="INFO">Typing text 'admin' into text field 'name=password'.</msg>
<status status="PASS" starttime="20230701 17:28:44.443" endtime="20230701 17:28:44.547"/>
</kw>
<kw name="Click Button" library="SeleniumLibrary">
<arg>Login</arg>
<doc>Clicks the button identified by ``locator``.</doc>
<msg timestamp="20230701 17:28:44.548" level="INFO">Clicking button 'Login'.</msg>
<status status="PASS" starttime="20230701 17:28:44.547" endtime="20230701 17:28:44.659"/>
</kw>
<status status="PASS" starttime="20230701 17:28:44.322" endtime="20230701 17:28:44.660"/>
</kw>
<status status="PASS" starttime="20230701 17:28:44.142" endtime="20230701 17:28:44.660"/>
</kw>
<kw name="Go to create book page" library="book">
<kw name="Click Link" library="SeleniumLibrary">
<arg>Create book</arg>
<doc>Clicks a link identified by ``locator``.</doc>
<msg timestamp="20230701 17:28:44.661" level="INFO">Clicking link 'Create book'.</msg>
<status status="PASS" starttime="20230701 17:28:44.661" endtime="20230701 17:28:44.760"/>
</kw>
<status status="PASS" starttime="20230701 17:28:44.660" endtime="20230701 17:28:44.761"/>
</kw>
<kw name="Input book data with empty genre field" library="book">
<kw name="Input Text" library="SeleniumLibrary">
<arg>name=title</arg>
<arg>${BOOK_TITLE}</arg>
<doc>Types the given ``text`` into the text field identified by ``locator``.</doc>
<msg timestamp="20230701 17:28:44.762" level="INFO">Typing text 'Design patterns: elements of reusable object-oriented software' into text field 'name=title'.</msg>
<status status="PASS" starttime="20230701 17:28:44.761" endtime="20230701 17:28:44.928"/>
</kw>
<kw name="Input Text" library="SeleniumLibrary">
<arg>name=author</arg>
<arg>${BOOK_AUTHOR}</arg>
<doc>Types the given ``text`` into the text field identified by ``locator``.</doc>
<msg timestamp="20230701 17:28:44.930" level="INFO">Typing text 'Erich Gamma, Richard Helm, Ralph Johnson, John Vlissides' into text field 'name=author'.</msg>
<status status="PASS" starttime="20230701 17:28:44.929" endtime="20230701 17:28:45.090"/>
</kw>
<kw name="Input Text" library="SeleniumLibrary">
<arg>name=price</arg>
<arg>${BOOK_PRICE}</arg>
<doc>Types the given ``text`` into the text field identified by ``locator``.</doc>
<msg timestamp="20230701 17:28:45.091" level="INFO">Typing text '25.11' into text field 'name=price'.</msg>
<status status="PASS" starttime="20230701 17:28:45.091" endtime="20230701 17:28:45.178"/>
</kw>
<kw name="Input Text" library="SeleniumLibrary">
<arg>name=cover</arg>
<arg>${BOOK_COVER}</arg>
<doc>Types the given ``text`` into the text field identified by ``locator``.</doc>
<msg timestamp="20230701 17:28:45.178" level="INFO">Typing text 'https://m.media-amazon.com/images/I/51MAu0VlUkL._SX395_BO1,204,203,200_.jpg' into text field 'name=cover'.</msg>
<status status="PASS" starttime="20230701 17:28:45.178" endtime="20230701 17:28:45.365"/>
</kw>
<kw name="Input Text" library="SeleniumLibrary">
<arg>name=description</arg>
<arg>${BOOK_DESCRIPTION}</arg>
<doc>Types the given ``text`` into the text field identified by ``locator``.</doc>
<msg timestamp="20230701 17:28:45.365" level="INFO">Typing text 'Capturing a wealth of experience about the design of object-oriented software, four top-notch designers present a catalog of simple and succinct solutions to commonly occurring design problems. Previously undocumented, these 23 patterns allow designers to create more flexible, elegant, and ultimately reusable designs without having to rediscover the design solutions themselves.' into text field 'name=description'.</msg>
<status status="PASS" starttime="20230701 17:28:45.365" endtime="20230701 17:28:45.781"/>
</kw>
<kw name="Click Button" library="SeleniumLibrary">
<arg>Create book</arg>
<doc>Clicks the button identified by ``locator``.</doc>
<msg timestamp="20230701 17:28:45.782" level="INFO">Clicking button 'Create book'.</msg>
<status status="PASS" starttime="20230701 17:28:45.781" endtime="20230701 17:28:45.857"/>
</kw>
<status status="PASS" starttime="20230701 17:28:44.761" endtime="20230701 17:28:45.857"/>
</kw>
<kw name="Page Should Contain" library="SeleniumLibrary">
<arg>All fields have to be filled up</arg>
<doc>Verifies that current page contains ``text``.</doc>
<msg timestamp="20230701 17:28:45.902" level="INFO">Current page contains text 'All fields have to be filled up'.</msg>
<status status="PASS" starttime="20230701 17:28:45.858" endtime="20230701 17:28:45.902"/>
</kw>
<kw name="End test" library="utils" type="TEARDOWN">
<kw name="Close Browser" library="SeleniumLibrary">
<doc>Closes the current browser.</doc>
<status status="PASS" starttime="20230701 17:28:45.903" endtime="20230701 17:28:48.113"/>
</kw>
<status status="PASS" starttime="20230701 17:28:45.903" endtime="20230701 17:28:48.113"/>
</kw>
<tag>2004</tag>
<tag>Books Create</tag>
<tag>Smoke</tag>
<status status="PASS" starttime="20230701 17:28:42.277" endtime="20230701 17:28:48.114"/>
</test>
<test id="s1-s1-t5" name="Should not be able to create new book with empty price field" line="39">
<kw name="Begin web test" library="utils" type="SETUP">
<kw name="Open Browser" library="SeleniumLibrary">
<arg>${START_URL}</arg>
<arg>${BROWSER}</arg>
<doc>Opens a new browser instance to the optional ``url``.</doc>
<msg timestamp="20230701 17:28:48.117" level="INFO">Opening browser 'chrome' to base url 'http://127.0.0.1:5000'.</msg>
<status status="PASS" starttime="20230701 17:28:48.117" endtime="20230701 17:28:49.931"/>
</kw>
<kw name="Maximize Browser Window" library="SeleniumLibrary">
<doc>Maximizes current browser window.</doc>
<status status="PASS" starttime="20230701 17:28:49.932" endtime="20230701 17:28:50.098"/>
</kw>
<kw name="Wait Until Page Contains" library="SeleniumLibrary">
<arg>Flask application</arg>
<doc>Waits until ``text`` appears on the current page.</doc>
<status status="PASS" starttime="20230701 17:28:50.098" endtime="20230701 17:28:50.117"/>
</kw>
<status status="PASS" starttime="20230701 17:28:48.116" endtime="20230701 17:28:50.117"/>
</kw>
<kw name="Login to admin account" library="utils">
<kw name="Go to login page" library="user">
<kw name="Click Link" library="SeleniumLibrary">
<arg>Login</arg>
<doc>Clicks a link identified by ``locator``.</doc>
<msg timestamp="20230701 17:28:50.119" level="INFO">Clicking link 'Login'.</msg>
<status status="PASS" starttime="20230701 17:28:50.118" endtime="20230701 17:28:50.282"/>
</kw>
<kw name="Wait Until Page Contains" library="SeleniumLibrary">
<arg>Password</arg>
<doc>Waits until ``text`` appears on the current page.</doc>
<status status="PASS" starttime="20230701 17:28:50.282" endtime="20230701 17:28:50.298"/>
</kw>
<status status="PASS" starttime="20230701 17:28:50.118" endtime="20230701 17:28:50.298"/>
</kw>
<kw name="Use valid account data" library="user">
<kw name="Input Text" library="SeleniumLibrary">
<arg>name=login</arg>
<arg>${ADMIN_ACCOUNT_LOGIN}</arg>
<doc>Types the given ``text`` into the text field identified by ``locator``.</doc>
<msg timestamp="20230701 17:28:50.299" level="INFO">Typing text 'admin' into text field 'name=login'.</msg>
<status status="PASS" starttime="20230701 17:28:50.298" endtime="20230701 17:28:50.423"/>
</kw>
<kw name="Input Text" library="SeleniumLibrary">
<arg>name=password</arg>
<arg>${ADMIN_ACCOUNT_PASSWORD}</arg>
<doc>Types the given ``text`` into the text field identified by ``locator``.</doc>
<msg timestamp="20230701 17:28:50.424" level="INFO">Typing text 'admin' into text field 'name=password'.</msg>
<status status="PASS" starttime="20230701 17:28:50.424" endtime="20230701 17:28:50.510"/>
</kw>
<kw name="Click Button" library="SeleniumLibrary">
<arg>Login</arg>
<doc>Clicks the button identified by ``locator``.</doc>
<msg timestamp="20230701 17:28:50.510" level="INFO">Clicking button 'Login'.</msg>
<status status="PASS" starttime="20230701 17:28:50.510" endtime="20230701 17:28:50.598"/>
</kw>
<status status="PASS" starttime="20230701 17:28:50.298" endtime="20230701 17:28:50.598"/>
</kw>
<status status="PASS" starttime="20230701 17:28:50.118" endtime="20230701 17:28:50.598"/>
</kw>
<kw name="Go to create book page" library="book">
<kw name="Click Link" library="SeleniumLibrary">
<arg>Create book</arg>
<doc>Clicks a link identified by ``locator``.</doc>
<msg timestamp="20230701 17:28:50.599" level="INFO">Clicking link 'Create book'.</msg>
<status status="PASS" starttime="20230701 17:28:50.599" endtime="20230701 17:28:50.689"/>
</kw>
<status status="PASS" starttime="20230701 17:28:50.599" endtime="20230701 17:28:50.689"/>
</kw>
<kw name="Input book data with empty price field" library="book">
<kw name="Input Text" library="SeleniumLibrary">
<arg>name=title</arg>
<arg>${BOOK_TITLE}</arg>
<doc>Types the given ``text`` into the text field identified by ``locator``.</doc>
<msg timestamp="20230701 17:28:50.690" level="INFO">Typing text 'Design patterns: elements of reusable object-oriented software' into text field 'name=title'.</msg>
<status status="PASS" starttime="20230701 17:28:50.690" endtime="20230701 17:28:50.860"/>
</kw>
<kw name="Input Text" library="SeleniumLibrary">
<arg>name=author</arg>
<arg>${BOOK_AUTHOR}</arg>
<doc>Types the given ``text`` into the text field identified by ``locator``.</doc>
<msg timestamp="20230701 17:28:50.861" level="INFO">Typing text 'Erich Gamma, Richard Helm, Ralph Johnson, John Vlissides' into text field 'name=author'.</msg>
<status status="PASS" starttime="20230701 17:28:50.860" endtime="20230701 17:28:51.005"/>
</kw>
<kw name="Input Text" library="SeleniumLibrary">
<arg>name=genre</arg>
<arg>${BOOK_GENRE}</arg>
<doc>Types the given ``text`` into the text field identified by ``locator``.</doc>
<msg timestamp="20230701 17:28:51.005" level="INFO">Typing text 'Information Technology' into text field 'name=genre'.</msg>
<status status="PASS" starttime="20230701 17:28:51.005" endtime="20230701 17:28:51.119"/>
</kw>
<kw name="Input Text" library="SeleniumLibrary">
<arg>name=cover</arg>
<arg>${BOOK_COVER}</arg>
<doc>Types the given ``text`` into the text field identified by ``locator``.</doc>
<msg timestamp="20230701 17:28:51.120" level="INFO">Typing text 'https://m.media-amazon.com/images/I/51MAu0VlUkL._SX395_BO1,204,203,200_.jpg' into text field 'name=cover'.</msg>
<status status="PASS" starttime="20230701 17:28:51.120" endtime="20230701 17:28:51.292"/>
</kw>
<kw name="Input Text" library="SeleniumLibrary">
<arg>name=description</arg>
<arg>${BOOK_DESCRIPTION}</arg>
<doc>Types the given ``text`` into the text field identified by ``locator``.</doc>
<msg timestamp="20230701 17:28:51.293" level="INFO">Typing text 'Capturing a wealth of experience about the design of object-oriented software, four top-notch designers present a catalog of simple and succinct solutions to commonly occurring design problems. Previously undocumented, these 23 patterns allow designers to create more flexible, elegant, and ultimately reusable designs without having to rediscover the design solutions themselves.' into text field 'name=description'.</msg>
<status status="PASS" starttime="20230701 17:28:51.292" endtime="20230701 17:28:51.728"/>
</kw>
<kw name="Click Button" library="SeleniumLibrary">
<arg>Create book</arg>
<doc>Clicks the button identified by ``locator``.</doc>
<msg timestamp="20230701 17:28:51.728" level="INFO">Clicking button 'Create book'.</msg>
<status status="PASS" starttime="20230701 17:28:51.728" endtime="20230701 17:28:51.820"/>
</kw>
<status status="PASS" starttime="20230701 17:28:50.689" endtime="20230701 17:28:51.820"/>
</kw>
<kw name="Page Should Contain" library="SeleniumLibrary">
<arg>Price has to be a number</arg>
<doc>Verifies that current page contains ``text``.</doc>
<msg timestamp="20230701 17:28:51.849" level="INFO">Current page contains text 'Price has to be a number'.</msg>
<status status="PASS" starttime="20230701 17:28:51.822" endtime="20230701 17:28:51.849"/>
</kw>
<kw name="End test" library="utils" type="TEARDOWN">
<kw name="Close Browser" library="SeleniumLibrary">
<doc>Closes the current browser.</doc>
<status status="PASS" starttime="20230701 17:28:51.849" endtime="20230701 17:28:54.049"/>
</kw>
<status status="PASS" starttime="20230701 17:28:51.849" endtime="20230701 17:28:54.049"/>
</kw>
<tag>2005</tag>
<tag>Books Create</tag>
<tag>Smoke</tag>
<status status="PASS" starttime="20230701 17:28:48.116" endtime="20230701 17:28:54.050"/>
</test>
<test id="s1-s1-t6" name="Should not be able to create new book with empty cover field" line="46">
<kw name="Begin web test" library="utils" type="SETUP">
<kw name="Open Browser" library="SeleniumLibrary">
<arg>${START_URL}</arg>
<arg>${BROWSER}</arg>
<doc>Opens a new browser instance to the optional ``url``.</doc>
<msg timestamp="20230701 17:28:54.053" level="INFO">Opening browser 'chrome' to base url 'http://127.0.0.1:5000'.</msg>
<status status="PASS" starttime="20230701 17:28:54.053" endtime="20230701 17:28:55.777"/>
</kw>
<kw name="Maximize Browser Window" library="SeleniumLibrary">
<doc>Maximizes current browser window.</doc>
<status status="PASS" starttime="20230701 17:28:55.777" endtime="20230701 17:28:55.905"/>
</kw>
<kw name="Wait Until Page Contains" library="SeleniumLibrary">
<arg>Flask application</arg>
<doc>Waits until ``text`` appears on the current page.</doc>
<status status="PASS" starttime="20230701 17:28:55.905" endtime="20230701 17:28:55.922"/>
</kw>
<status status="PASS" starttime="20230701 17:28:54.052" endtime="20230701 17:28:55.922"/>
</kw>
<kw name="Login to admin account" library="utils">
<kw name="Go to login page" library="user">
<kw name="Click Link" library="SeleniumLibrary">
<arg>Login</arg>
<doc>Clicks a link identified by ``locator``.</doc>
<msg timestamp="20230701 17:28:55.923" level="INFO">Clicking link 'Login'.</msg>
<status status="PASS" starttime="20230701 17:28:55.923" endtime="20230701 17:28:56.061"/>
</kw>
<kw name="Wait Until Page Contains" library="SeleniumLibrary">
<arg>Password</arg>
<doc>Waits until ``text`` appears on the current page.</doc>
<status status="PASS" starttime="20230701 17:28:56.061" endtime="20230701 17:28:56.079"/>
</kw>
<status status="PASS" starttime="20230701 17:28:55.923" endtime="20230701 17:28:56.079"/>
</kw>
<kw name="Use valid account data" library="user">
<kw name="Input Text" library="SeleniumLibrary">
<arg>name=login</arg>
<arg>${ADMIN_ACCOUNT_LOGIN}</arg>
<doc>Types the given ``text`` into the text field identified by ``locator``.</doc>
<msg timestamp="20230701 17:28:56.079" level="INFO">Typing text 'admin' into text field 'name=login'.</msg>
<status status="PASS" starttime="20230701 17:28:56.079" endtime="20230701 17:28:56.189"/>
</kw>
<kw name="Input Text" library="SeleniumLibrary">
<arg>name=password</arg>
<arg>${ADMIN_ACCOUNT_PASSWORD}</arg>
<doc>Types the given ``text`` into the text field identified by ``locator``.</doc>
<msg timestamp="20230701 17:28:56.190" level="INFO">Typing text 'admin' into text field 'name=password'.</msg>
<status status="PASS" starttime="20230701 17:28:56.189" endtime="20230701 17:28:56.274"/>
</kw>
<kw name="Click Button" library="SeleniumLibrary">
<arg>Login</arg>
<doc>Clicks the button identified by ``locator``.</doc>
<msg timestamp="20230701 17:28:56.274" level="INFO">Clicking button 'Login'.</msg>
<status status="PASS" starttime="20230701 17:28:56.274" endtime="20230701 17:28:56.370"/>
</kw>
<status status="PASS" starttime="20230701 17:28:56.079" endtime="20230701 17:28:56.370"/>
</kw>
<status status="PASS" starttime="20230701 17:28:55.922" endtime="20230701 17:28:56.371"/>
</kw>
<kw name="Go to create book page" library="book">
<kw name="Click Link" library="SeleniumLibrary">
<arg>Create book</arg>
<doc>Clicks a link identified by ``locator``.</doc>
<msg timestamp="20230701 17:28:56.373" level="INFO">Clicking link 'Create book'.</msg>
<status status="PASS" starttime="20230701 17:28:56.372" endtime="20230701 17:28:56.461"/>
</kw>
<status status="PASS" starttime="20230701 17:28:56.371" endtime="20230701 17:28:56.461"/>
</kw>
<kw name="Input book data with empty cover field" library="book">
<kw name="Input Text" library="SeleniumLibrary">
<arg>name=title</arg>
<arg>${BOOK_TITLE}</arg>
<doc>Types the given ``text`` into the text field identified by ``locator``.</doc>
<msg timestamp="20230701 17:28:56.462" level="INFO">Typing text 'Design patterns: elements of reusable object-oriented software' into text field 'name=title'.</msg>
<status status="PASS" starttime="20230701 17:28:56.461" endtime="20230701 17:28:56.628"/>
</kw>
<kw name="Input Text" library="SeleniumLibrary">
<arg>name=author</arg>
<arg>${BOOK_AUTHOR}</arg>
<doc>Types the given ``text`` into the text field identified by ``locator``.</doc>
<msg timestamp="20230701 17:28:56.629" level="INFO">Typing text 'Erich Gamma, Richard Helm, Ralph Johnson, John Vlissides' into text field 'name=author'.</msg>
<status status="PASS" starttime="20230701 17:28:56.628" endtime="20230701 17:28:56.777"/>
</kw>
<kw name="Input Text" library="SeleniumLibrary">
<arg>name=genre</arg>
<arg>${BOOK_GENRE}</arg>
<doc>Types the given ``text`` into the text field identified by ``locator``.</doc>
<msg timestamp="20230701 17:28:56.778" level="INFO">Typing text 'Information Technology' into text field 'name=genre'.</msg>
<status status="PASS" starttime="20230701 17:28:56.777" endtime="20230701 17:28:56.886"/>
</kw>
<kw name="Input Text" library="SeleniumLibrary">
<arg>name=price</arg>
<arg>${BOOK_PRICE}</arg>
<doc>Types the given ``text`` into the text field identified by ``locator``.</doc>
<msg timestamp="20230701 17:28:56.886" level="INFO">Typing text '25.11' into text field 'name=price'.</msg>
<status status="PASS" starttime="20230701 17:28:56.886" endtime="20230701 17:28:56.969"/>
</kw>
<kw name="Input Text" library="SeleniumLibrary">
<arg>name=description</arg>
<arg>${BOOK_DESCRIPTION}</arg>
<doc>Types the given ``text`` into the text field identified by ``locator``.</doc>
<msg timestamp="20230701 17:28:56.970" level="INFO">Typing text 'Capturing a wealth of experience about the design of object-oriented software, four top-notch designers present a catalog of simple and succinct solutions to commonly occurring design problems. Previously undocumented, these 23 patterns allow designers to create more flexible, elegant, and ultimately reusable designs without having to rediscover the design solutions themselves.' into text field 'name=description'.</msg>
<status status="PASS" starttime="20230701 17:28:56.969" endtime="20230701 17:28:57.380"/>
</kw>
<kw name="Click Button" library="SeleniumLibrary">
<arg>Create book</arg>
<doc>Clicks the button identified by ``locator``.</doc>
<msg timestamp="20230701 17:28:57.380" level="INFO">Clicking button 'Create book'.</msg>
<status status="PASS" starttime="20230701 17:28:57.380" endtime="20230701 17:28:57.478"/>
</kw>
<status status="PASS" starttime="20230701 17:28:56.461" endtime="20230701 17:28:57.478"/>
</kw>
<kw name="Page Should Contain" library="SeleniumLibrary">
<arg>All fields have to be filled up</arg>
<doc>Verifies that current page contains ``text``.</doc>
<msg timestamp="20230701 17:28:57.501" level="INFO">Current page contains text 'All fields have to be filled up'.</msg>
<status status="PASS" starttime="20230701 17:28:57.479" endtime="20230701 17:28:57.501"/>
</kw>
<kw name="End test" library="utils" type="TEARDOWN">
<kw name="Close Browser" library="SeleniumLibrary">
<doc>Closes the current browser.</doc>
<status status="PASS" starttime="20230701 17:28:57.501" endtime="20230701 17:28:59.694"/>
</kw>
<status status="PASS" starttime="20230701 17:28:57.501" endtime="20230701 17:28:59.694"/>
</kw>
<tag>2006</tag>
<tag>Books Create</tag>
<tag>Smoke</tag>
<status status="PASS" starttime="20230701 17:28:54.052" endtime="20230701 17:28:59.694"/>
</test>
<test id="s1-s1-t7" name="Should not be able to create new book with empty description field" line="53">
<kw name="Begin web test" library="utils" type="SETUP">
<kw name="Open Browser" library="SeleniumLibrary">
<arg>${START_URL}</arg>
<arg>${BROWSER}</arg>
<doc>Opens a new browser instance to the optional ``url``.</doc>
<msg timestamp="20230701 17:28:59.697" level="INFO">Opening browser 'chrome' to base url 'http://127.0.0.1:5000'.</msg>
<status status="PASS" starttime="20230701 17:28:59.697" endtime="20230701 17:29:01.464"/>
</kw>
<kw name="Maximize Browser Window" library="SeleniumLibrary">
<doc>Maximizes current browser window.</doc>
<status status="PASS" starttime="20230701 17:29:01.464" endtime="20230701 17:29:01.610"/>
</kw>
<kw name="Wait Until Page Contains" library="SeleniumLibrary">
<arg>Flask application</arg>
<doc>Waits until ``text`` appears on the current page.</doc>
<status status="PASS" starttime="20230701 17:29:01.610" endtime="20230701 17:29:01.635"/>
</kw>
<status status="PASS" starttime="20230701 17:28:59.696" endtime="20230701 17:29:01.636"/>
</kw>
<kw name="Login to admin account" library="utils">
<kw name="Go to login page" library="user">
<kw name="Click Link" library="SeleniumLibrary">
<arg>Login</arg>
<doc>Clicks a link identified by ``locator``.</doc>
<msg timestamp="20230701 17:29:01.637" level="INFO">Clicking link 'Login'.</msg>
<status status="PASS" starttime="20230701 17:29:01.636" endtime="20230701 17:29:01.787"/>
</kw>
<kw name="Wait Until Page Contains" library="SeleniumLibrary">
<arg>Password</arg>
<doc>Waits until ``text`` appears on the current page.</doc>
<status status="PASS" starttime="20230701 17:29:01.788" endtime="20230701 17:29:01.806"/>
</kw>
<status status="PASS" starttime="20230701 17:29:01.636" endtime="20230701 17:29:01.807"/>
</kw>
<kw name="Use valid account data" library="user">
<kw name="Input Text" library="SeleniumLibrary">
<arg>name=login</arg>
<arg>${ADMIN_ACCOUNT_LOGIN}</arg>
<doc>Types the given ``text`` into the text field identified by ``locator``.</doc>
<msg timestamp="20230701 17:29:01.807" level="INFO">Typing text 'admin' into text field 'name=login'.</msg>
<status status="PASS" starttime="20230701 17:29:01.807" endtime="20230701 17:29:01.930"/>
</kw>
<kw name="Input Text" library="SeleniumLibrary">
<arg>name=password</arg>
<arg>${ADMIN_ACCOUNT_PASSWORD}</arg>
<doc>Types the given ``text`` into the text field identified by ``locator``.</doc>
<msg timestamp="20230701 17:29:01.931" level="INFO">Typing text 'admin' into text field 'name=password'.</msg>
<status status="PASS" starttime="20230701 17:29:01.930" endtime="20230701 17:29:02.022"/>
</kw>
<kw name="Click Button" library="SeleniumLibrary">
<arg>Login</arg>
<doc>Clicks the button identified by ``locator``.</doc>
<msg timestamp="20230701 17:29:02.023" level="INFO">Clicking button 'Login'.</msg>
<status status="PASS" starttime="20230701 17:29:02.023" endtime="20230701 17:29:02.132"/>
</kw>
<status status="PASS" starttime="20230701 17:29:01.807" endtime="20230701 17:29:02.132"/>
</kw>
<status status="PASS" starttime="20230701 17:29:01.636" endtime="20230701 17:29:02.132"/>
</kw>
<kw name="Go to create book page" library="book">
<kw name="Click Link" library="SeleniumLibrary">
<arg>Create book</arg>
<doc>Clicks a link identified by ``locator``.</doc>
<msg timestamp="20230701 17:29:02.135" level="INFO">Clicking link 'Create book'.</msg>
<status status="PASS" starttime="20230701 17:29:02.134" endtime="20230701 17:29:02.227"/>
</kw>
<status status="PASS" starttime="20230701 17:29:02.134" endtime="20230701 17:29:02.227"/>
</kw>
<kw name="Input book data with empty description field" library="book">
<kw name="Input Text" library="SeleniumLibrary">
<arg>name=title</arg>
<arg>${BOOK_TITLE}</arg>
<doc>Types the given ``text`` into the text field identified by ``locator``.</doc>
<msg timestamp="20230701 17:29:02.233" level="INFO">Typing text 'Design patterns: elements of reusable object-oriented software' into text field 'name=title'.</msg>
<status status="PASS" starttime="20230701 17:29:02.233" endtime="20230701 17:29:02.404"/>
</kw>
<kw name="Input Text" library="SeleniumLibrary">
<arg>name=author</arg>
<arg>${BOOK_AUTHOR}</arg>
<doc>Types the given ``text`` into the text field identified by ``locator``.</doc>
<msg timestamp="20230701 17:29:02.404" level="INFO">Typing text 'Erich Gamma, Richard Helm, Ralph Johnson, John Vlissides' into text field 'name=author'.</msg>
<status status="PASS" starttime="20230701 17:29:02.404" endtime="20230701 17:29:02.544"/>
</kw>
<kw name="Input Text" library="SeleniumLibrary">
<arg>name=genre</arg>
<arg>${BOOK_GENRE}</arg>
<doc>Types the given ``text`` into the text field identified by ``locator``.</doc>
<msg timestamp="20230701 17:29:02.545" level="INFO">Typing text 'Information Technology' into text field 'name=genre'.</msg>
<status status="PASS" starttime="20230701 17:29:02.544" endtime="20230701 17:29:02.655"/>
</kw>
<kw name="Input Text" library="SeleniumLibrary">
<arg>name=price</arg>
<arg>${BOOK_PRICE}</arg>
<doc>Types the given ``text`` into the text field identified by ``locator``.</doc>
<msg timestamp="20230701 17:29:02.656" level="INFO">Typing text '25.11' into text field 'name=price'.</msg>
<status status="PASS" starttime="20230701 17:29:02.655" endtime="20230701 17:29:02.741"/>
</kw>
<kw name="Input Text" library="SeleniumLibrary">
<arg>name=cover</arg>
<arg>${BOOK_COVER}</arg>
<doc>Types the given ``text`` into the text field identified by ``locator``.</doc>
<msg timestamp="20230701 17:29:02.742" level="INFO">Typing text 'https://m.media-amazon.com/images/I/51MAu0VlUkL._SX395_BO1,204,203,200_.jpg' into text field 'name=cover'.</msg>
<status status="PASS" starttime="20230701 17:29:02.741" endtime="20230701 17:29:02.923"/>
</kw>
<kw name="Click Button" library="SeleniumLibrary">
<arg>Create book</arg>
<doc>Clicks the button identified by ``locator``.</doc>
<msg timestamp="20230701 17:29:02.924" level="INFO">Clicking button 'Create book'.</msg>
<status status="PASS" starttime="20230701 17:29:02.923" endtime="20230701 17:29:03.022"/>
</kw>
<status status="PASS" starttime="20230701 17:29:02.232" endtime="20230701 17:29:03.022"/>
</kw>
<kw name="Page Should Contain" library="SeleniumLibrary">
<arg>All fields have to be filled up</arg>
<doc>Verifies that current page contains ``text``.</doc>
<msg timestamp="20230701 17:29:03.042" level="INFO">Current page contains text 'All fields have to be filled up'.</msg>
<status status="PASS" starttime="20230701 17:29:03.022" endtime="20230701 17:29:03.042"/>
</kw>
<kw name="End test" library="utils" type="TEARDOWN">
<kw name="Close Browser" library="SeleniumLibrary">
<doc>Closes the current browser.</doc>
<status status="PASS" starttime="20230701 17:29:03.043" endtime="20230701 17:29:05.288"/>
</kw>
<status status="PASS" starttime="20230701 17:29:03.042" endtime="20230701 17:29:05.289"/>
</kw>
<tag>2007</tag>
<tag>Books Create</tag>
<tag>Smoke</tag>
<status status="PASS" starttime="20230701 17:28:59.696" endtime="20230701 17:29:05.289"/>
</test>
<test id="s1-s1-t8" name="Should be able to update book title" line="60">
<kw name="Begin web test" library="utils" type="SETUP">
<kw name="Open Browser" library="SeleniumLibrary">
<arg>${START_URL}</arg>
<arg>${BROWSER}</arg>
<doc>Opens a new browser instance to the optional ``url``.</doc>
<msg timestamp="20230701 17:29:05.292" level="INFO">Opening browser 'chrome' to base url 'http://127.0.0.1:5000'.</msg>
<status status="PASS" starttime="20230701 17:29:05.291" endtime="20230701 17:29:07.010"/>
</kw>
<kw name="Maximize Browser Window" library="SeleniumLibrary">
<doc>Maximizes current browser window.</doc>
<status status="PASS" starttime="20230701 17:29:07.010" endtime="20230701 17:29:07.130"/>
</kw>
<kw name="Wait Until Page Contains" library="SeleniumLibrary">
<arg>Flask application</arg>
<doc>Waits until ``text`` appears on the current page.</doc>
<status status="PASS" starttime="20230701 17:29:07.130" endtime="20230701 17:29:07.155"/>
</kw>
<status status="PASS" starttime="20230701 17:29:05.291" endtime="20230701 17:29:07.155"/>
</kw>
<kw name="Login to admin account" library="utils">
<kw name="Go to login page" library="user">
<kw name="Click Link" library="SeleniumLibrary">
<arg>Login</arg>
<doc>Clicks a link identified by ``locator``.</doc>
<msg timestamp="20230701 17:29:07.156" level="INFO">Clicking link 'Login'.</msg>
<status status="PASS" starttime="20230701 17:29:07.156" endtime="20230701 17:29:07.289"/>
</kw>
<kw name="Wait Until Page Contains" library="SeleniumLibrary">
<arg>Password</arg>
<doc>Waits until ``text`` appears on the current page.</doc>
<status status="PASS" starttime="20230701 17:29:07.289" endtime="20230701 17:29:07.306"/>
</kw>
<status status="PASS" starttime="20230701 17:29:07.156" endtime="20230701 17:29:07.306"/>
</kw>
<kw name="Use valid account data" library="user">
<kw name="Input Text" library="SeleniumLibrary">
<arg>name=login</arg>
<arg>${ADMIN_ACCOUNT_LOGIN}</arg>
<doc>Types the given ``text`` into the text field identified by ``locator``.</doc>
<msg timestamp="20230701 17:29:07.307" level="INFO">Typing text 'admin' into text field 'name=login'.</msg>
<status status="PASS" starttime="20230701 17:29:07.307" endtime="20230701 17:29:07.422"/>
</kw>
<kw name="Input Text" library="SeleniumLibrary">
<arg>name=password</arg>
<arg>${ADMIN_ACCOUNT_PASSWORD}</arg>
<doc>Types the given ``text`` into the text field identified by ``locator``.</doc>
<msg timestamp="20230701 17:29:07.422" level="INFO">Typing text 'admin' into text field 'name=password'.</msg>
<status status="PASS" starttime="20230701 17:29:07.422" endtime="20230701 17:29:07.513"/>
</kw>
<kw name="Click Button" library="SeleniumLibrary">
<arg>Login</arg>
<doc>Clicks the button identified by ``locator``.</doc>
<msg timestamp="20230701 17:29:07.513" level="INFO">Clicking button 'Login'.</msg>
<status status="PASS" starttime="20230701 17:29:07.513" endtime="20230701 17:29:07.604"/>
</kw>
<status status="PASS" starttime="20230701 17:29:07.306" endtime="20230701 17:29:07.605"/>
</kw>
<status status="PASS" starttime="20230701 17:29:07.155" endtime="20230701 17:29:07.605"/>
</kw>
<kw name="Go to Update/delete books page" library="book">
<kw name="Click Link" library="SeleniumLibrary">
<arg>Update/delete books</arg>
<doc>Clicks a link identified by ``locator``.</doc>
<msg timestamp="20230701 17:29:07.606" level="INFO">Clicking link 'Update/delete books'.</msg>
<status status="PASS" starttime="20230701 17:29:07.605" endtime="20230701 17:29:07.703"/>
</kw>
<status status="PASS" starttime="20230701 17:29:07.605" endtime="20230701 17:29:07.703"/>
</kw>
<kw name="Update book title with valid data" library="book">
<kw name="Click Button" library="SeleniumLibrary">
<arg>update-book-5</arg>
<doc>Clicks the button identified by ``locator``.</doc>
<msg timestamp="20230701 17:29:07.704" level="INFO">Clicking button 'update-book-5'.</msg>
<status status="PASS" starttime="20230701 17:29:07.704" endtime="20230701 17:29:07.838"/>
</kw>
<kw name="Input Text" library="SeleniumLibrary">
<arg>name=title</arg>
<arg>Design patterns</arg>
<doc>Types the given ``text`` into the text field identified by ``locator``.</doc>
<msg timestamp="20230701 17:29:07.838" level="INFO">Typing text 'Design patterns' into text field 'name=title'.</msg>
<status status="PASS" starttime="20230701 17:29:07.838" endtime="20230701 17:29:07.939"/>
</kw>
<kw name="Click Button" library="SeleniumLibrary">
<arg>Update book</arg>
<doc>Clicks the button identified by ``locator``.</doc>
<msg timestamp="20230701 17:29:07.939" level="INFO">Clicking button 'Update book'.</msg>
<status status="PASS" starttime="20230701 17:29:07.939" endtime="20230701 17:29:08.039"/>
</kw>
<status status="PASS" starttime="20230701 17:29:07.703" endtime="20230701 17:29:08.039"/>
</kw>
<kw name="End test" library="utils" type="TEARDOWN">
<kw name="Close Browser" library="SeleniumLibrary">
<doc>Closes the current browser.</doc>
<status status="PASS" starttime="20230701 17:29:08.040" endtime="20230701 17:29:10.290"/>
</kw>
<status status="PASS" starttime="20230701 17:29:08.040" endtime="20230701 17:29:10.290"/>
</kw>
<tag>2008</tag>
<tag>Books Update</tag>
<tag>Smoke</tag>
<status status="PASS" starttime="20230701 17:29:05.291" endtime="20230701 17:29:10.291"/>
</test>
<test id="s1-s1-t9" name="Should not be able to update book with empty title field" line="66">
<kw name="Begin web test" library="utils" type="SETUP">
<kw name="Open Browser" library="SeleniumLibrary">
<arg>${START_URL}</arg>
<arg>${BROWSER}</arg>
<doc>Opens a new browser instance to the optional ``url``.</doc>
<msg timestamp="20230701 17:29:10.294" level="INFO">Opening browser 'chrome' to base url 'http://127.0.0.1:5000'.</msg>
<status status="PASS" starttime="20230701 17:29:10.294" endtime="20230701 17:29:11.984"/>
</kw>
<kw name="Maximize Browser Window" library="SeleniumLibrary">
<doc>Maximizes current browser window.</doc>
<status status="PASS" starttime="20230701 17:29:11.984" endtime="20230701 17:29:12.122"/>
</kw>
<kw name="Wait Until Page Contains" library="SeleniumLibrary">
<arg>Flask application</arg>
<doc>Waits until ``text`` appears on the current page.</doc>
<status status="PASS" starttime="20230701 17:29:12.122" endtime="20230701 17:29:12.142"/>
</kw>
<status status="PASS" starttime="20230701 17:29:10.293" endtime="20230701 17:29:12.142"/>
</kw>
<kw name="Login to admin account" library="utils">
<kw name="Go to login page" library="user">
<kw name="Click Link" library="SeleniumLibrary">
<arg>Login</arg>
<doc>Clicks a link identified by ``locator``.</doc>
<msg timestamp="20230701 17:29:12.143" level="INFO">Clicking link 'Login'.</msg>
<status status="PASS" starttime="20230701 17:29:12.143" endtime="20230701 17:29:12.268"/>
</kw>
<kw name="Wait Until Page Contains" library="SeleniumLibrary">
<arg>Password</arg>
<doc>Waits until ``text`` appears on the current page.</doc>
<status status="PASS" starttime="20230701 17:29:12.268" endtime="20230701 17:29:12.285"/>
</kw>
<status status="PASS" starttime="20230701 17:29:12.143" endtime="20230701 17:29:12.285"/>
</kw>
<kw name="Use valid account data" library="user">
<kw name="Input Text" library="SeleniumLibrary">
<arg>name=login</arg>
<arg>${ADMIN_ACCOUNT_LOGIN}</arg>
<doc>Types the given ``text`` into the text field identified by ``locator``.</doc>
<msg timestamp="20230701 17:29:12.286" level="INFO">Typing text 'admin' into text field 'name=login'.</msg>
<status status="PASS" starttime="20230701 17:29:12.286" endtime="20230701 17:29:12.420"/>
</kw>
<kw name="Input Text" library="SeleniumLibrary">
<arg>name=password</arg>
<arg>${ADMIN_ACCOUNT_PASSWORD}</arg>
<doc>Types the given ``text`` into the text field identified by ``locator``.</doc>
<msg timestamp="20230701 17:29:12.421" level="INFO">Typing text 'admin' into text field 'name=password'.</msg>
<status status="PASS" starttime="20230701 17:29:12.421" endtime="20230701 17:29:12.519"/>
</kw>
<kw name="Click Button" library="SeleniumLibrary">
<arg>Login</arg>
<doc>Clicks the button identified by ``locator``.</doc>
<msg timestamp="20230701 17:29:12.519" level="INFO">Clicking button 'Login'.</msg>
<status status="PASS" starttime="20230701 17:29:12.519" endtime="20230701 17:29:12.624"/>
</kw>
<status status="PASS" starttime="20230701 17:29:12.286" endtime="20230701 17:29:12.625"/>
</kw>
<status status="PASS" starttime="20230701 17:29:12.143" endtime="20230701 17:29:12.625"/>
</kw>
<kw name="Go to Update/delete books page" library="book">
<kw name="Click Link" library="SeleniumLibrary">
<arg>Update/delete books</arg>
<doc>Clicks a link identified by ``locator``.</doc>
<msg timestamp="20230701 17:29:12.626" level="INFO">Clicking link 'Update/delete books'.</msg>
<status status="PASS" starttime="20230701 17:29:12.625" endtime="20230701 17:29:12.724"/>
</kw>
<status status="PASS" starttime="20230701 17:29:12.625" endtime="20230701 17:29:12.725"/>
</kw>
<kw name="Update book title with empty title field" library="book">
<kw name="Click Button" library="SeleniumLibrary">
<arg>update-book-5</arg>
<doc>Clicks the button identified by ``locator``.</doc>
<msg timestamp="20230701 17:29:12.737" level="INFO">Clicking button 'update-book-5'.</msg>
<status status="PASS" starttime="20230701 17:29:12.736" endtime="20230701 17:29:12.862"/>
</kw>
<kw name="Clear Element Text" library="SeleniumLibrary">
<arg>name=title</arg>
<doc>Clears the value of the text-input-element identified by ``locator``.</doc>
<status status="PASS" starttime="20230701 17:29:12.862" endtime="20230701 17:29:12.895"/>
</kw>
<kw name="Click Button" library="SeleniumLibrary">
<arg>Update book</arg>
<doc>Clicks the button identified by ``locator``.</doc>
<msg timestamp="20230701 17:29:12.895" level="INFO">Clicking button 'Update book'.</msg>
<status status="PASS" starttime="20230701 17:29:12.895" endtime="20230701 17:29:12.978"/>
</kw>
<status status="PASS" starttime="20230701 17:29:12.736" endtime="20230701 17:29:12.978"/>
</kw>
<kw name="Page Should Contain" library="SeleniumLibrary">
<arg>All fields have to be filled up</arg>
<doc>Verifies that current page contains ``text``.</doc>
<msg timestamp="20230701 17:29:12.993" level="INFO">Current page contains text 'All fields have to be filled up'.</msg>
<status status="PASS" starttime="20230701 17:29:12.978" endtime="20230701 17:29:12.993"/>
</kw>
<kw name="End test" library="utils" type="TEARDOWN">
<kw name="Close Browser" library="SeleniumLibrary">
<doc>Closes the current browser.</doc>
<status status="PASS" starttime="20230701 17:29:12.994" endtime="20230701 17:29:15.182"/>
</kw>
<status status="PASS" starttime="20230701 17:29:12.993" endtime="20230701 17:29:15.182"/>
</kw>
<tag>2009</tag>
<tag>Books Update</tag>
<tag>Smoke</tag>
<status status="PASS" starttime="20230701 17:29:10.293" endtime="20230701 17:29:15.183"/>
</test>
<test id="s1-s1-t10" name="Should not be able to update book with empty author field" line="73">
<kw name="Begin web test" library="utils" type="SETUP">
<kw name="Open Browser" library="SeleniumLibrary">
<arg>${START_URL}</arg>
<arg>${BROWSER}</arg>
<doc>Opens a new browser instance to the optional ``url``.</doc>
<msg timestamp="20230701 17:29:15.186" level="INFO">Opening browser 'chrome' to base url 'http://127.0.0.1:5000'.</msg>
<status status="PASS" starttime="20230701 17:29:15.186" endtime="20230701 17:29:16.984"/>
</kw>
<kw name="Maximize Browser Window" library="SeleniumLibrary">
<doc>Maximizes current browser window.</doc>
<status status="PASS" starttime="20230701 17:29:16.985" endtime="20230701 17:29:17.138"/>
</kw>
<kw name="Wait Until Page Contains" library="SeleniumLibrary">
<arg>Flask application</arg>
<doc>Waits until ``text`` appears on the current page.</doc>
<status status="PASS" starttime="20230701 17:29:17.138" endtime="20230701 17:29:17.159"/>
</kw>
<status status="PASS" starttime="20230701 17:29:15.185" endtime="20230701 17:29:17.159"/>
</kw>
<kw name="Login to admin account" library="utils">
<kw name="Go to login page" library="user">
<kw name="Click Link" library="SeleniumLibrary">
<arg>Login</arg>
<doc>Clicks a link identified by ``locator``.</doc>
<msg timestamp="20230701 17:29:17.160" level="INFO">Clicking link 'Login'.</msg>
<status status="PASS" starttime="20230701 17:29:17.160" endtime="20230701 17:29:17.308"/>
</kw>
<kw name="Wait Until Page Contains" library="SeleniumLibrary">
<arg>Password</arg>
<doc>Waits until ``text`` appears on the current page.</doc>
<status status="PASS" starttime="20230701 17:29:17.308" endtime="20230701 17:29:17.329"/>
</kw>
<status status="PASS" starttime="20230701 17:29:17.160" endtime="20230701 17:29:17.329"/>
</kw>
<kw name="Use valid account data" library="user">
<kw name="Input Text" library="SeleniumLibrary">
<arg>name=login</arg>
<arg>${ADMIN_ACCOUNT_LOGIN}</arg>
<doc>Types the given ``text`` into the text field identified by ``locator``.</doc>
<msg timestamp="20230701 17:29:17.330" level="INFO">Typing text 'admin' into text field 'name=login'.</msg>
<status status="PASS" starttime="20230701 17:29:17.329" endtime="20230701 17:29:17.456"/>
</kw>
<kw name="Input Text" library="SeleniumLibrary">
<arg>name=password</arg>
<arg>${ADMIN_ACCOUNT_PASSWORD}</arg>
<doc>Types the given ``text`` into the text field identified by ``locator``.</doc>
<msg timestamp="20230701 17:29:17.456" level="INFO">Typing text 'admin' into text field 'name=password'.</msg>
<status status="PASS" starttime="20230701 17:29:17.456" endtime="20230701 17:29:17.547"/>
</kw>
<kw name="Click Button" library="SeleniumLibrary">
<arg>Login</arg>
<doc>Clicks the button identified by ``locator``.</doc>
<msg timestamp="20230701 17:29:17.548" level="INFO">Clicking button 'Login'.</msg>
<status status="PASS" starttime="20230701 17:29:17.547" endtime="20230701 17:29:17.651"/>
</kw>
<status status="PASS" starttime="20230701 17:29:17.329" endtime="20230701 17:29:17.651"/>
</kw>
<status status="PASS" starttime="20230701 17:29:17.160" endtime="20230701 17:29:17.651"/>
</kw>
<kw name="Go to Update/delete books page" library="book">
<kw name="Click Link" library="SeleniumLibrary">
<arg>Update/delete books</arg>
<doc>Clicks a link identified by ``locator``.</doc>
<msg timestamp="20230701 17:29:17.653" level="INFO">Clicking link 'Update/delete books'.</msg>
<status status="PASS" starttime="20230701 17:29:17.652" endtime="20230701 17:29:17.782"/>
</kw>
<status status="PASS" starttime="20230701 17:29:17.652" endtime="20230701 17:29:17.782"/>
</kw>
<kw name="Update book author with empty author field" library="book">
<kw name="Click Button" library="SeleniumLibrary">
<arg>update-book-5</arg>
<doc>Clicks the button identified by ``locator``.</doc>
<msg timestamp="20230701 17:29:17.783" level="INFO">Clicking button 'update-book-5'.</msg>
<status status="PASS" starttime="20230701 17:29:17.783" endtime="20230701 17:29:17.889"/>
</kw>
<kw name="Clear Element Text" library="SeleniumLibrary">
<arg>name=author</arg>
<doc>Clears the value of the text-input-element identified by ``locator``.</doc>
<status status="PASS" starttime="20230701 17:29:17.889" endtime="20230701 17:29:17.931"/>
</kw>
<kw name="Click Button" library="SeleniumLibrary">
<arg>Update book</arg>
<doc>Clicks the button identified by ``locator``.</doc>
<msg timestamp="20230701 17:29:17.931" level="INFO">Clicking button 'Update book'.</msg>
<status status="PASS" starttime="20230701 17:29:17.931" endtime="20230701 17:29:18.006"/>
</kw>
<status status="PASS" starttime="20230701 17:29:17.783" endtime="20230701 17:29:18.006"/>
</kw>
<kw name="Page Should Contain" library="SeleniumLibrary">
<arg>All fields have to be filled up</arg>
<doc>Verifies that current page contains ``text``.</doc>
<msg timestamp="20230701 17:29:18.020" level="INFO">Current page contains text 'All fields have to be filled up'.</msg>
<status status="PASS" starttime="20230701 17:29:18.006" endtime="20230701 17:29:18.020"/>
</kw>
<kw name="End test" library="utils" type="TEARDOWN">
<kw name="Close Browser" library="SeleniumLibrary">
<doc>Closes the current browser.</doc>
<status status="PASS" starttime="20230701 17:29:18.021" endtime="20230701 17:29:20.226"/>
</kw>
<status status="PASS" starttime="20230701 17:29:18.021" endtime="20230701 17:29:20.226"/>
</kw>
<tag>2010</tag>
<tag>Books Update</tag>
<tag>Smoke</tag>
<status status="PASS" starttime="20230701 17:29:15.185" endtime="20230701 17:29:20.227"/>
</test>
<test id="s1-s1-t11" name="Should not be able to update book with empty genre field" line="80">
<kw name="Begin web test" library="utils" type="SETUP">
<kw name="Open Browser" library="SeleniumLibrary">
<arg>${START_URL}</arg>
<arg>${BROWSER}</arg>
<doc>Opens a new browser instance to the optional ``url``.</doc>
<msg timestamp="20230701 17:29:20.230" level="INFO">Opening browser 'chrome' to base url 'http://127.0.0.1:5000'.</msg>
<status status="PASS" starttime="20230701 17:29:20.229" endtime="20230701 17:29:21.982"/>
</kw>
<kw name="Maximize Browser Window" library="SeleniumLibrary">
<doc>Maximizes current browser window.</doc>
<status status="PASS" starttime="20230701 17:29:21.983" endtime="20230701 17:29:22.134"/>
</kw>
<kw name="Wait Until Page Contains" library="SeleniumLibrary">
<arg>Flask application</arg>
<doc>Waits until ``text`` appears on the current page.</doc>
<status status="PASS" starttime="20230701 17:29:22.134" endtime="20230701 17:29:22.155"/>
</kw>
<status status="PASS" starttime="20230701 17:29:20.229" endtime="20230701 17:29:22.155"/>
</kw>
<kw name="Login to admin account" library="utils">
<kw name="Go to login page" library="user">
<kw name="Click Link" library="SeleniumLibrary">
<arg>Login</arg>
<doc>Clicks a link identified by ``locator``.</doc>
<msg timestamp="20230701 17:29:22.156" level="INFO">Clicking link 'Login'.</msg>
<status status="PASS" starttime="20230701 17:29:22.156" endtime="20230701 17:29:22.316"/>
</kw>
<kw name="Wait Until Page Contains" library="SeleniumLibrary">
<arg>Password</arg>
<doc>Waits until ``text`` appears on the current page.</doc>
<status status="PASS" starttime="20230701 17:29:22.316" endtime="20230701 17:29:22.336"/>
</kw>
<status status="PASS" starttime="20230701 17:29:22.156" endtime="20230701 17:29:22.336"/>
</kw>
<kw name="Use valid account data" library="user">
<kw name="Input Text" library="SeleniumLibrary">
<arg>name=login</arg>
<arg>${ADMIN_ACCOUNT_LOGIN}</arg>
<doc>Types the given ``text`` into the text field identified by ``locator``.</doc>
<msg timestamp="20230701 17:29:22.337" level="INFO">Typing text 'admin' into text field 'name=login'.</msg>
<status status="PASS" starttime="20230701 17:29:22.336" endtime="20230701 17:29:22.449"/>
</kw>
<kw name="Input Text" library="SeleniumLibrary">
<arg>name=password</arg>
<arg>${ADMIN_ACCOUNT_PASSWORD}</arg>
<doc>Types the given ``text`` into the text field identified by ``locator``.</doc>
<msg timestamp="20230701 17:29:22.450" level="INFO">Typing text 'admin' into text field 'name=password'.</msg>
<status status="PASS" starttime="20230701 17:29:22.450" endtime="20230701 17:29:22.541"/>
</kw>
<kw name="Click Button" library="SeleniumLibrary">
<arg>Login</arg>
<doc>Clicks the button identified by ``locator``.</doc>
<msg timestamp="20230701 17:29:22.542" level="INFO">Clicking button 'Login'.</msg>
<status status="PASS" starttime="20230701 17:29:22.541" endtime="20230701 17:29:22.641"/>
</kw>
<status status="PASS" starttime="20230701 17:29:22.336" endtime="20230701 17:29:22.641"/>
</kw>
<status status="PASS" starttime="20230701 17:29:22.155" endtime="20230701 17:29:22.641"/>
</kw>
<kw name="Go to Update/delete books page" library="book">
<kw name="Click Link" library="SeleniumLibrary">
<arg>Update/delete books</arg>
<doc>Clicks a link identified by ``locator``.</doc>
<msg timestamp="20230701 17:29:22.643" level="INFO">Clicking link 'Update/delete books'.</msg>
<status status="PASS" starttime="20230701 17:29:22.642" endtime="20230701 17:29:22.743"/>
</kw>
<status status="PASS" starttime="20230701 17:29:22.642" endtime="20230701 17:29:22.743"/>
</kw>
<kw name="Update book genre with empty genre field" library="book">
<kw name="Click Button" library="SeleniumLibrary">
<arg>update-book-5</arg>
<doc>Clicks the button identified by ``locator``.</doc>
<msg timestamp="20230701 17:29:22.748" level="INFO">Clicking button 'update-book-5'.</msg>
<status status="PASS" starttime="20230701 17:29:22.748" endtime="20230701 17:29:22.890"/>
</kw>
<kw name="Clear Element Text" library="SeleniumLibrary">
<arg>name=genre</arg>
<doc>Clears the value of the text-input-element identified by ``locator``.</doc>
<status status="PASS" starttime="20230701 17:29:22.890" endtime="20230701 17:29:22.932"/>
</kw>
<kw name="Click Button" library="SeleniumLibrary">
<arg>Update book</arg>
<doc>Clicks the button identified by ``locator``.</doc>
<msg timestamp="20230701 17:29:22.933" level="INFO">Clicking button 'Update book'.</msg>
<status status="PASS" starttime="20230701 17:29:22.933" endtime="20230701 17:29:23.008"/>
</kw>
<status status="PASS" starttime="20230701 17:29:22.748" endtime="20230701 17:29:23.008"/>
</kw>
<kw name="Page Should Contain" library="SeleniumLibrary">
<arg>All fields have to be filled up</arg>
<doc>Verifies that current page contains ``text``.</doc>
<msg timestamp="20230701 17:29:23.023" level="INFO">Current page contains text 'All fields have to be filled up'.</msg>
<status status="PASS" starttime="20230701 17:29:23.009" endtime="20230701 17:29:23.023"/>
</kw>
<kw name="End test" library="utils" type="TEARDOWN">
<kw name="Close Browser" library="SeleniumLibrary">
<doc>Closes the current browser.</doc>
<status status="PASS" starttime="20230701 17:29:23.024" endtime="20230701 17:29:25.200"/>
</kw>
<status status="PASS" starttime="20230701 17:29:23.023" endtime="20230701 17:29:25.200"/>
</kw>
<tag>2011</tag>
<tag>Books Update</tag>
<tag>Smoke</tag>
<status status="PASS" starttime="20230701 17:29:20.229" endtime="20230701 17:29:25.201"/>
</test>
<test id="s1-s1-t12" name="Should not be able to update book with empty price field" line="87">
<kw name="Begin web test" library="utils" type="SETUP">
<kw name="Open Browser" library="SeleniumLibrary">
<arg>${START_URL}</arg>
<arg>${BROWSER}</arg>
<doc>Opens a new browser instance to the optional ``url``.</doc>
<msg timestamp="20230701 17:29:25.204" level="INFO">Opening browser 'chrome' to base url 'http://127.0.0.1:5000'.</msg>
<status status="PASS" starttime="20230701 17:29:25.203" endtime="20230701 17:29:27.024"/>
</kw>
<kw name="Maximize Browser Window" library="SeleniumLibrary">
<doc>Maximizes current browser window.</doc>
<status status="PASS" starttime="20230701 17:29:27.024" endtime="20230701 17:29:27.153"/>
</kw>
<kw name="Wait Until Page Contains" library="SeleniumLibrary">
<arg>Flask application</arg>
<doc>Waits until ``text`` appears on the current page.</doc>
<status status="PASS" starttime="20230701 17:29:27.153" endtime="20230701 17:29:27.179"/>
</kw>
<status status="PASS" starttime="20230701 17:29:25.203" endtime="20230701 17:29:27.179"/>
</kw>
<kw name="Login to admin account" library="utils">
<kw name="Go to login page" library="user">
<kw name="Click Link" library="SeleniumLibrary">
<arg>Login</arg>
<doc>Clicks a link identified by ``locator``.</doc>
<msg timestamp="20230701 17:29:27.182" level="INFO">Clicking link 'Login'.</msg>
<status status="PASS" starttime="20230701 17:29:27.182" endtime="20230701 17:29:27.314"/>
</kw>
<kw name="Wait Until Page Contains" library="SeleniumLibrary">
<arg>Password</arg>
<doc>Waits until ``text`` appears on the current page.</doc>
<status status="PASS" starttime="20230701 17:29:27.315" endtime="20230701 17:29:27.332"/>
</kw>
<status status="PASS" starttime="20230701 17:29:27.181" endtime="20230701 17:29:27.332"/>
</kw>
<kw name="Use valid account data" library="user">
<kw name="Input Text" library="SeleniumLibrary">
<arg>name=login</arg>
<arg>${ADMIN_ACCOUNT_LOGIN}</arg>
<doc>Types the given ``text`` into the text field identified by ``locator``.</doc>
<msg timestamp="20230701 17:29:27.333" level="INFO">Typing text 'admin' into text field 'name=login'.</msg>
<status status="PASS" starttime="20230701 17:29:27.333" endtime="20230701 17:29:27.446"/>
</kw>
<kw name="Input Text" library="SeleniumLibrary">
<arg>name=password</arg>
<arg>${ADMIN_ACCOUNT_PASSWORD}</arg>
<doc>Types the given ``text`` into the text field identified by ``locator``.</doc>
<msg timestamp="20230701 17:29:27.447" level="INFO">Typing text 'admin' into text field 'name=password'.</msg>
<status status="PASS" starttime="20230701 17:29:27.446" endtime="20230701 17:29:27.535"/>
</kw>
<kw name="Click Button" library="SeleniumLibrary">
<arg>Login</arg>
<doc>Clicks the button identified by ``locator``.</doc>
<msg timestamp="20230701 17:29:27.536" level="INFO">Clicking button 'Login'.</msg>
<status status="PASS" starttime="20230701 17:29:27.535" endtime="20230701 17:29:27.634"/>
</kw>
<status status="PASS" starttime="20230701 17:29:27.332" endtime="20230701 17:29:27.634"/>
</kw>
<status status="PASS" starttime="20230701 17:29:27.181" endtime="20230701 17:29:27.634"/>
</kw>
<kw name="Go to Update/delete books page" library="book">
<kw name="Click Link" library="SeleniumLibrary">
<arg>Update/delete books</arg>
<doc>Clicks a link identified by ``locator``.</doc>
<msg timestamp="20230701 17:29:27.635" level="INFO">Clicking link 'Update/delete books'.</msg>
<status status="PASS" starttime="20230701 17:29:27.635" endtime="20230701 17:29:27.721"/>
</kw>
<status status="PASS" starttime="20230701 17:29:27.635" endtime="20230701 17:29:27.721"/>
</kw>
<kw name="Update book price with empty price field" library="book">
<kw name="Click Button" library="SeleniumLibrary">
<arg>update-book-5</arg>
<doc>Clicks the button identified by ``locator``.</doc>
<msg timestamp="20230701 17:29:27.724" level="INFO">Clicking button 'update-book-5'.</msg>
<status status="PASS" starttime="20230701 17:29:27.723" endtime="20230701 17:29:27.842"/>
</kw>
<kw name="Clear Element Text" library="SeleniumLibrary">
<arg>name=price</arg>
<doc>Clears the value of the text-input-element identified by ``locator``.</doc>
<status status="PASS" starttime="20230701 17:29:27.842" endtime="20230701 17:29:27.893"/>
</kw>
<kw name="Click Button" library="SeleniumLibrary">
<arg>Update book</arg>
<doc>Clicks the button identified by ``locator``.</doc>
<msg timestamp="20230701 17:29:27.894" level="INFO">Clicking button 'Update book'.</msg>
<status status="PASS" starttime="20230701 17:29:27.894" endtime="20230701 17:29:27.981"/>
</kw>
<status status="PASS" starttime="20230701 17:29:27.723" endtime="20230701 17:29:27.981"/>
</kw>
<kw name="Page Should Contain" library="SeleniumLibrary">
<arg>Price has to be a number</arg>
<doc>Verifies that current page contains ``text``.</doc>
<msg timestamp="20230701 17:29:27.997" level="INFO">Current page contains text 'Price has to be a number'.</msg>
<status status="PASS" starttime="20230701 17:29:27.982" endtime="20230701 17:29:27.997"/>
</kw>
<kw name="End test" library="utils" type="TEARDOWN">
<kw name="Close Browser" library="SeleniumLibrary">
<doc>Closes the current browser.</doc>
<status status="PASS" starttime="20230701 17:29:27.998" endtime="20230701 17:29:30.202"/>
</kw>
<status status="PASS" starttime="20230701 17:29:27.998" endtime="20230701 17:29:30.202"/>
</kw>
<tag>2012</tag>
<tag>Books Update</tag>
<tag>Smoke</tag>
<status status="PASS" starttime="20230701 17:29:25.203" endtime="20230701 17:29:30.203"/>
</test>
<test id="s1-s1-t13" name="Should not be able to update book with empty cover field" line="94">
<kw name="Begin web test" library="utils" type="SETUP">
<kw name="Open Browser" library="SeleniumLibrary">
<arg>${START_URL}</arg>
<arg>${BROWSER}</arg>
<doc>Opens a new browser instance to the optional ``url``.</doc>
<msg timestamp="20230701 17:29:30.205" level="INFO">Opening browser 'chrome' to base url 'http://127.0.0.1:5000'.</msg>
<status status="PASS" starttime="20230701 17:29:30.205" endtime="20230701 17:29:31.931"/>
</kw>
<kw name="Maximize Browser Window" library="SeleniumLibrary">
<doc>Maximizes current browser window.</doc>
<status status="PASS" starttime="20230701 17:29:31.931" endtime="20230701 17:29:32.050"/>
</kw>
[...]
<status status="PASS" starttime="20230701 17:30:22.570" endtime="20230701 17:30:22.570"/>
</kw>
<kw name="Input Text" library="SeleniumLibrary">
<arg>name=login</arg>
<arg>${user_data}[0]</arg>
<doc>Types the given ``text`` into the text field identified by ``locator``.</doc>
<msg timestamp="20230701 17:30:22.571" level="INFO">Typing text 'user12345' into text field 'name=login'.</msg>
<status status="PASS" starttime="20230701 17:30:22.570" endtime="20230701 17:30:22.702"/>
</kw>
<kw name="Input Text" library="SeleniumLibrary">
<arg>name=password</arg>
<arg>${user_data}[1]</arg>
<doc>Types the given ``text`` into the text field identified by ``locator``.</doc>
<msg timestamp="20230701 17:30:22.703" level="INFO">Typing text 'user12345' into text field 'name=password'.</msg>
<status status="PASS" starttime="20230701 17:30:22.702" endtime="20230701 17:30:22.800"/>
</kw>
<kw name="Input Text" library="SeleniumLibrary">
<arg>name=repeated_password</arg>
<arg>${user_data}[2]</arg>
<doc>Types the given ``text`` into the text field identified by ``locator``.</doc>
<msg timestamp="20230701 17:30:22.801" level="INFO">Typing text 'user12342' into text field 'name=repeated_password'.</msg>
<status status="PASS" starttime="20230701 17:30:22.801" endtime="20230701 17:30:22.903"/>
</kw>
<kw name="Click Button" library="SeleniumLibrary">
<arg>Create new account</arg>
<doc>Clicks the button identified by ``locator``.</doc>
<msg timestamp="20230701 17:30:22.904" level="INFO">Clicking button 'Create new account'.</msg>
<status status="PASS" starttime="20230701 17:30:22.903" endtime="20230701 17:30:23.003"/>
</kw>
<status status="PASS" starttime="20230701 17:30:22.570" endtime="20230701 17:30:23.003"/>
</kw>
<kw name="Page Should Contain" library="SeleniumLibrary">
<arg>Passwords doesn't match</arg>
<doc>Verifies that current page contains ``text``.</doc>
<msg timestamp="20230701 17:30:23.023" level="INFO">Current page contains text 'Passwords doesn't match'.</msg>
<status status="PASS" starttime="20230701 17:30:23.004" endtime="20230701 17:30:23.023"/>
</kw>
<kw name="End test" library="utils" type="TEARDOWN">
<kw name="Close Browser" library="SeleniumLibrary">
<doc>Closes the current browser.</doc>
<status status="PASS" starttime="20230701 17:30:23.023" endtime="20230701 17:30:25.195"/>
</kw>
<status status="PASS" starttime="20230701 17:30:23.023" endtime="20230701 17:30:25.195"/>
</kw>
<tag>1005</tag>
<tag>Registration</tag>
<tag>Smoke</tag>
<status status="PASS" starttime="20230701 17:30:20.426" endtime="20230701 17:30:25.196"/>
</test>
<test id="s1-s3-t6" name="Should not be able to create new account - passwords contains seven characters" line="41">
<kw name="Begin web test" library="utils" type="SETUP">
<kw name="Open Browser" library="SeleniumLibrary">
<arg>${START_URL}</arg>
<arg>${BROWSER}</arg>
<doc>Opens a new browser instance to the optional ``url``.</doc>
<msg timestamp="20230701 17:30:25.199" level="INFO">Opening browser 'chrome' to base url 'http://127.0.0.1:5000'.</msg>
<status status="PASS" starttime="20230701 17:30:25.199" endtime="20230701 17:30:27.005"/>
</kw>
<kw name="Maximize Browser Window" library="SeleniumLibrary">
<doc>Maximizes current browser window.</doc>
<status status="PASS" starttime="20230701 17:30:27.006" endtime="20230701 17:30:27.135"/>
</kw>
<kw name="Wait Until Page Contains" library="SeleniumLibrary">
<arg>Flask application</arg>
<doc>Waits until ``text`` appears on the current page.</doc>
<status status="PASS" starttime="20230701 17:30:27.135" endtime="20230701 17:30:27.153"/>
</kw>
<status status="PASS" starttime="20230701 17:30:25.198" endtime="20230701 17:30:27.153"/>
</kw>
<kw name="Go to registration page" library="user">
<kw name="Click Link" library="SeleniumLibrary">
<arg>Sign up</arg>
<doc>Clicks a link identified by ``locator``.</doc>
<msg timestamp="20230701 17:30:27.154" level="INFO">Clicking link 'Sign up'.</msg>
<status status="PASS" starttime="20230701 17:30:27.153" endtime="20230701 17:30:27.299"/>
</kw>
<kw name="Wait Until Page Contains" library="SeleniumLibrary">
<arg>Password (at least 8 characters)</arg>
<doc>Waits until ``text`` appears on the current page.</doc>
<status status="PASS" starttime="20230701 17:30:27.299" endtime="20230701 17:30:27.318"/>
</kw>
<status status="PASS" starttime="20230701 17:30:27.153" endtime="20230701 17:30:27.319"/>
</kw>
<kw name="Use invalid registration data - passwords contains seven characters" library="user">
<kw name="Create List" library="BuiltIn">
<var>${user_data}</var>
<arg>user12345</arg>
<arg>user123</arg>
<arg>user123</arg>
<doc>Returns a list containing given items.</doc>
<msg timestamp="20230701 17:30:27.320" level="INFO">${user_data} = ['user12345', 'user123', 'user123']</msg>
<status status="PASS" starttime="20230701 17:30:27.320" endtime="20230701 17:30:27.320"/>
</kw>
<kw name="Input Text" library="SeleniumLibrary">
<arg>name=login</arg>
<arg>${user_data}[0]</arg>
<doc>Types the given ``text`` into the text field identified by ``locator``.</doc>
<msg timestamp="20230701 17:30:27.321" level="INFO">Typing text 'user12345' into text field 'name=login'.</msg>
<status status="PASS" starttime="20230701 17:30:27.320" endtime="20230701 17:30:27.435"/>
</kw>
<kw name="Input Text" library="SeleniumLibrary">
<arg>name=password</arg>
<arg>${user_data}[1]</arg>
<doc>Types the given ``text`` into the text field identified by ``locator``.</doc>
<msg timestamp="20230701 17:30:27.436" level="INFO">Typing text 'user123' into text field 'name=password'.</msg>
<status status="PASS" starttime="20230701 17:30:27.435" endtime="20230701 17:30:27.527"/>
</kw>
<kw name="Input Text" library="SeleniumLibrary">
<arg>name=repeated_password</arg>
<arg>${user_data}[2]</arg>
<doc>Types the given ``text`` into the text field identified by ``locator``.</doc>
<msg timestamp="20230701 17:30:27.527" level="INFO">Typing text 'user123' into text field 'name=repeated_password'.</msg>
<status status="PASS" starttime="20230701 17:30:27.527" endtime="20230701 17:30:27.620"/>
</kw>
<kw name="Click Button" library="SeleniumLibrary">
<arg>Create new account</arg>
<doc>Clicks the button identified by ``locator``.</doc>
<msg timestamp="20230701 17:30:27.621" level="INFO">Clicking button 'Create new account'.</msg>
<status status="PASS" starttime="20230701 17:30:27.620" endtime="20230701 17:30:27.715"/>
</kw>
<status status="PASS" starttime="20230701 17:30:27.320" endtime="20230701 17:30:27.715"/>
</kw>
<kw name="Page Should Contain" library="SeleniumLibrary">
<arg>Password must contain at least 8 characters</arg>
<doc>Verifies that current page contains ``text``.</doc>
<msg timestamp="20230701 17:30:27.735" level="INFO">Current page contains text 'Password must contain at least 8 characters'.</msg>
<status status="PASS" starttime="20230701 17:30:27.716" endtime="20230701 17:30:27.735"/>
</kw>
<kw name="End test" library="utils" type="TEARDOWN">
<kw name="Close Browser" library="SeleniumLibrary">
<doc>Closes the current browser.</doc>
<status status="PASS" starttime="20230701 17:30:27.735" endtime="20230701 17:30:29.928"/>
</kw>
<status status="PASS" starttime="20230701 17:30:27.735" endtime="20230701 17:30:29.928"/>
</kw>
<tag>1006</tag>
<tag>Registration</tag>
<tag>Smoke</tag>
<status status="PASS" starttime="20230701 17:30:25.198" endtime="20230701 17:30:29.929"/>
</test>
<test id="s1-s3-t7" name="Should be able to change user role to admin" line="47">
<kw name="Begin web test" library="utils" type="SETUP">
<kw name="Open Browser" library="SeleniumLibrary">
<arg>${START_URL}</arg>
<arg>${BROWSER}</arg>
<doc>Opens a new browser instance to the optional ``url``.</doc>
<msg timestamp="20230701 17:30:29.932" level="INFO">Opening browser 'chrome' to base url 'http://127.0.0.1:5000'.</msg>
<status status="PASS" starttime="20230701 17:30:29.931" endtime="20230701 17:30:31.588"/>
</kw>
<kw name="Maximize Browser Window" library="SeleniumLibrary">
<doc>Maximizes current browser window.</doc>
<status status="PASS" starttime="20230701 17:30:31.588" endtime="20230701 17:30:31.719"/>
</kw>
<kw name="Wait Until Page Contains" library="SeleniumLibrary">
<arg>Flask application</arg>
<doc>Waits until ``text`` appears on the current page.</doc>
<status status="PASS" starttime="20230701 17:30:31.719" endtime="20230701 17:30:31.735"/>
</kw>
<status status="PASS" starttime="20230701 17:30:29.931" endtime="20230701 17:30:31.736"/>
</kw>
<kw name="Go to login page" library="user">
<kw name="Click Link" library="SeleniumLibrary">
<arg>Login</arg>
<doc>Clicks a link identified by ``locator``.</doc>
<msg timestamp="20230701 17:30:31.737" level="INFO">Clicking link 'Login'.</msg>
<status status="PASS" starttime="20230701 17:30:31.736" endtime="20230701 17:30:31.876"/>
</kw>
<kw name="Wait Until Page Contains" library="SeleniumLibrary">
<arg>Password</arg>
<doc>Waits until ``text`` appears on the current page.</doc>
<status status="PASS" starttime="20230701 17:30:31.876" endtime="20230701 17:30:31.901"/>
</kw>
<status status="PASS" starttime="20230701 17:30:31.736" endtime="20230701 17:30:31.902"/>
</kw>
<kw name="Use valid account data" library="user">
<kw name="Input Text" library="SeleniumLibrary">
<arg>name=login</arg>
<arg>${ADMIN_ACCOUNT_LOGIN}</arg>
<doc>Types the given ``text`` into the text field identified by ``locator``.</doc>
<msg timestamp="20230701 17:30:31.903" level="INFO">Typing text 'admin' into text field 'name=login'.</msg>
<status status="PASS" starttime="20230701 17:30:31.902" endtime="20230701 17:30:32.021"/>
</kw>
<kw name="Input Text" library="SeleniumLibrary">
<arg>name=password</arg>
<arg>${ADMIN_ACCOUNT_PASSWORD}</arg>
<doc>Types the given ``text`` into the text field identified by ``locator``.</doc>
<msg timestamp="20230701 17:30:32.021" level="INFO">Typing text 'admin' into text field 'name=password'.</msg>
<status status="PASS" starttime="20230701 17:30:32.021" endtime="20230701 17:30:32.113"/>
</kw>
<kw name="Click Button" library="SeleniumLibrary">
<arg>Login</arg>
<doc>Clicks the button identified by ``locator``.</doc>
<msg timestamp="20230701 17:30:32.113" level="INFO">Clicking button 'Login'.</msg>
<status status="PASS" starttime="20230701 17:30:32.113" endtime="20230701 17:30:32.205"/>
</kw>
<status status="PASS" starttime="20230701 17:30:31.902" endtime="20230701 17:30:32.205"/>
</kw>
<kw name="Go to users panel" library="user">
<kw name="Click Link" library="SeleniumLibrary">
<arg>Users panel</arg>
<doc>Clicks a link identified by ``locator``.</doc>
<msg timestamp="20230701 17:30:32.206" level="INFO">Clicking link 'Users panel'.</msg>
<status status="PASS" starttime="20230701 17:30:32.205" endtime="20230701 17:30:32.339"/>
</kw>
<kw name="Wait Until Page Contains" library="SeleniumLibrary">
<arg>Login</arg>
<doc>Waits until ``text`` appears on the current page.</doc>
<status status="PASS" starttime="20230701 17:30:32.339" endtime="20230701 17:30:32.355"/>
</kw>
<status status="PASS" starttime="20230701 17:30:32.205" endtime="20230701 17:30:32.355"/>
</kw>
<kw name="Change user role to admin" library="user">
<kw name="Select From List By Index" library="SeleniumLibrary">
<arg>id=user-id-4</arg>
<arg>2</arg>
<doc>Selects options from selection list ``locator`` by ``indexes``.</doc>
<msg timestamp="20230701 17:30:32.357" level="INFO">Selecting options from selection list 'id=user-id-4' by index 2.</msg>
<status status="PASS" starttime="20230701 17:30:32.356" endtime="20230701 17:30:32.486"/>
</kw>
<kw name="Click Button" library="SeleniumLibrary">
<arg>id=role-id-4</arg>
<doc>Clicks the button identified by ``locator``.</doc>
<msg timestamp="20230701 17:30:32.487" level="INFO">Clicking button 'id=role-id-4'.</msg>
<status status="PASS" starttime="20230701 17:30:32.487" endtime="20230701 17:30:32.609"/>
</kw>
<status status="PASS" starttime="20230701 17:30:32.356" endtime="20230701 17:30:32.609"/>
</kw>
<kw name="Page Should Contain" library="SeleniumLibrary">
<arg>Role has been changed</arg>
<doc>Verifies that current page contains ``text``.</doc>
<msg timestamp="20230701 17:30:32.633" level="INFO">Current page contains text 'Role has been changed'.</msg>
<status status="PASS" starttime="20230701 17:30:32.610" endtime="20230701 17:30:32.633"/>
</kw>
<kw name="End test" library="utils" type="TEARDOWN">
<kw name="Close Browser" library="SeleniumLibrary">
<doc>Closes the current browser.</doc>
<status status="PASS" starttime="20230701 17:30:32.634" endtime="20230701 17:30:34.812"/>
</kw>
<status status="PASS" starttime="20230701 17:30:32.634" endtime="20230701 17:30:34.812"/>
</kw>
<tag>1007</tag>
<tag>Administration</tag>
<tag>Smoke</tag>
<status status="PASS" starttime="20230701 17:30:29.931" endtime="20230701 17:30:34.813"/>
</test>
<test id="s1-s3-t8" name="Should be able to delete user account" line="55">
<kw name="Begin web test" library="utils" type="SETUP">
<kw name="Open Browser" library="SeleniumLibrary">
<arg>${START_URL}</arg>
<arg>${BROWSER}</arg>
<doc>Opens a new browser instance to the optional ``url``.</doc>
<msg timestamp="20230701 17:30:34.816" level="INFO">Opening browser 'chrome' to base url 'http://127.0.0.1:5000'.</msg>
<status status="PASS" starttime="20230701 17:30:34.815" endtime="20230701 17:30:36.583"/>
</kw>
<kw name="Maximize Browser Window" library="SeleniumLibrary">
<doc>Maximizes current browser window.</doc>
<status status="PASS" starttime="20230701 17:30:36.583" endtime="20230701 17:30:36.705"/>
</kw>
<kw name="Wait Until Page Contains" library="SeleniumLibrary">
<arg>Flask application</arg>
<doc>Waits until ``text`` appears on the current page.</doc>
<status status="PASS" starttime="20230701 17:30:36.706" endtime="20230701 17:30:36.749"/>
</kw>
<status status="PASS" starttime="20230701 17:30:34.815" endtime="20230701 17:30:36.749"/>
</kw>
<kw name="Go to login page" library="user">
<kw name="Click Link" library="SeleniumLibrary">
<arg>Login</arg>
<doc>Clicks a link identified by ``locator``.</doc>
<msg timestamp="20230701 17:30:36.750" level="INFO">Clicking link 'Login'.</msg>
<status status="PASS" starttime="20230701 17:30:36.750" endtime="20230701 17:30:36.899"/>
</kw>
<kw name="Wait Until Page Contains" library="SeleniumLibrary">
<arg>Password</arg>
<doc>Waits until ``text`` appears on the current page.</doc>
<status status="PASS" starttime="20230701 17:30:36.899" endtime="20230701 17:30:36.916"/>
</kw>
<status status="PASS" starttime="20230701 17:30:36.750" endtime="20230701 17:30:36.917"/>
</kw>
<kw name="Use valid account data" library="user">
<kw name="Input Text" library="SeleniumLibrary">
<arg>name=login</arg>
<arg>${ADMIN_ACCOUNT_LOGIN}</arg>
<doc>Types the given ``text`` into the text field identified by ``locator``.</doc>
<msg timestamp="20230701 17:30:36.918" level="INFO">Typing text 'admin' into text field 'name=login'.</msg>
<status status="PASS" starttime="20230701 17:30:36.917" endtime="20230701 17:30:37.033"/>
</kw>
<kw name="Input Text" library="SeleniumLibrary">
<arg>name=password</arg>
<arg>${ADMIN_ACCOUNT_PASSWORD}</arg>
<doc>Types the given ``text`` into the text field identified by ``locator``.</doc>
<msg timestamp="20230701 17:30:37.033" level="INFO">Typing text 'admin' into text field 'name=password'.</msg>
<status status="PASS" starttime="20230701 17:30:37.033" endtime="20230701 17:30:37.119"/>
</kw>
<kw name="Click Button" library="SeleniumLibrary">
<arg>Login</arg>
<doc>Clicks the button identified by ``locator``.</doc>
<msg timestamp="20230701 17:30:37.120" level="INFO">Clicking button 'Login'.</msg>
<status status="PASS" starttime="20230701 17:30:37.119" endtime="20230701 17:30:37.204"/>
</kw>
<status status="PASS" starttime="20230701 17:30:36.917" endtime="20230701 17:30:37.204"/>
</kw>
<kw name="Go to users panel" library="user">
<kw name="Click Link" library="SeleniumLibrary">
<arg>Users panel</arg>
<doc>Clicks a link identified by ``locator``.</doc>
<msg timestamp="20230701 17:30:37.204" level="INFO">Clicking link 'Users panel'.</msg>
<status status="PASS" starttime="20230701 17:30:37.204" endtime="20230701 17:30:37.320"/>
</kw>
<kw name="Wait Until Page Contains" library="SeleniumLibrary">
<arg>Login</arg>
<doc>Waits until ``text`` appears on the current page.</doc>
<status status="PASS" starttime="20230701 17:30:37.320" endtime="20230701 17:30:37.335"/>
</kw>
<status status="PASS" starttime="20230701 17:30:37.204" endtime="20230701 17:30:37.335"/>
</kw>
<kw name="Delete user account" library="user">
<kw name="Click Button" library="SeleniumLibrary">
<arg>id=btn-id-4</arg>
<doc>Clicks the button identified by ``locator``.</doc>
<msg timestamp="20230701 17:30:37.337" level="INFO">Clicking button 'id=btn-id-4'.</msg>
<status status="PASS" starttime="20230701 17:30:37.337" endtime="20230701 17:30:37.452"/>
</kw>
<status status="PASS" starttime="20230701 17:30:37.336" endtime="20230701 17:30:37.453"/>
</kw>
<kw name="Page Should Contain" library="SeleniumLibrary">
<arg>User has been deleted</arg>
<doc>Verifies that current page contains ``text``.</doc>
<msg timestamp="20230701 17:30:37.470" level="INFO">Current page contains text 'User has been deleted'.</msg>
<status status="PASS" starttime="20230701 17:30:37.453" endtime="20230701 17:30:37.470"/>
</kw>
<kw name="End test" library="utils" type="TEARDOWN">
<kw name="Close Browser" library="SeleniumLibrary">
<doc>Closes the current browser.</doc>
<status status="PASS" starttime="20230701 17:30:37.471" endtime="20230701 17:30:39.640"/>
</kw>
<status status="PASS" starttime="20230701 17:30:37.471" endtime="20230701 17:30:39.640"/>
</kw>
<tag>1008</tag>
<tag>Administration</tag>
<tag>Smoke</tag>
<status status="PASS" starttime="20230701 17:30:34.814" endtime="20230701 17:30:39.641"/>
</test>
<status status="PASS" starttime="20230701 17:30:01.825" endtime="20230701 17:30:39.642"/>
</suite>
<status status="PASS" starttime="20230701 17:28:21.478" endtime="20230701 17:30:39.645"/>
</suite>
<statistics>
<total>
<stat pass="25" fail="0" skip="0">All Tests</stat>
</total>
<tag>
<stat pass="1" fail="0" skip="0">1001</stat>
<stat pass="1" fail="0" skip="0">1002</stat>
<stat pass="1" fail="0" skip="0">1003</stat>
<stat pass="1" fail="0" skip="0">1004</stat>
<stat pass="1" fail="0" skip="0">1005</stat>
<stat pass="1" fail="0" skip="0">1006</stat>
<stat pass="1" fail="0" skip="0">1007</stat>
<stat pass="1" fail="0" skip="0">1008</stat>
<stat pass="1" fail="0" skip="0">2001</stat>
<stat pass="1" fail="0" skip="0">2002</stat>
<stat pass="1" fail="0" skip="0">2003</stat>
<stat pass="1" fail="0" skip="0">2004</stat>
<stat pass="1" fail="0" skip="0">2005</stat>
<stat pass="1" fail="0" skip="0">2006</stat>
<stat pass="1" fail="0" skip="0">2007</stat>
<stat pass="1" fail="0" skip="0">2008</stat>
<stat pass="1" fail="0" skip="0">2009</stat>
<stat pass="1" fail="0" skip="0">2010</stat>
<stat pass="1" fail="0" skip="0">2011</stat>
<stat pass="1" fail="0" skip="0">2012</stat>
<stat pass="1" fail="0" skip="0">2013</stat>
<stat pass="1" fail="0" skip="0">2014</stat>
<stat pass="1" fail="0" skip="0">2015</stat>
<stat pass="1" fail="0" skip="0">3001</stat>
<stat pass="1" fail="0" skip="0">3002</stat>
<stat pass="2" fail="0" skip="0">Administration</stat>
<stat pass="2" fail="0" skip="0">Books</stat>
<stat pass="5" fail="0" skip="0">Books Create</stat>
<stat pass="1" fail="0" skip="0">Books Delete</stat>
<stat pass="7" fail="0" skip="0">Books Update</stat>
<stat pass="2" fail="0" skip="0">Cart</stat>
<stat pass="2" fail="0" skip="0">Login</stat>
<stat pass="4" fail="0" skip="0">Registration</stat>
<stat pass="25" fail="0" skip="0">Smoke</stat>
</tag>
<suite>
<stat pass="25" fail="0" skip="0" id="s1" name="Full Regression">Full Regression</stat>
<stat pass="15" fail="0" skip="0" id="s1-s1" name="Book">Full Regression.Book</stat>
<stat pass="2" fail="0" skip="0" id="s1-s2" name="Cart">Full Regression.Cart</stat>
<stat pass="8" fail="0" skip="0" id="s1-s3" name="User">Full Regression.User</stat>
</suite>
</statistics>
<errors>
</errors>
</robot>
