<?xml version="1.0" encoding="UTF-8"?>
<robot generator="Robot 6.0.2 (Python 3.11.0 on win32)" generated="20230521 10:02:42.752" rpa="false" schemaversion="3">
<suite id="s1" name="Tests" source="C:\Users\Marek\PycharmProjects\bookstore-rest\tests">
<suite id="s1-s1" name="User" source="C:\Users\Marek\PycharmProjects\bookstore-rest\tests\user.robot">
<test id="s1-s1-t1" name="Should be able to create new account" line="20">
<kw name="Begin web test" library="user" type="SETUP">
<kw name="Open Browser" library="SeleniumLibrary">
<arg>${START_URL}</arg>
<arg>${BROWSER}</arg>
<doc>Opens a new browser instance to the optional ``url``.</doc>
<msg timestamp="20230521 10:02:43.515" level="INFO">Opening browser 'chrome' to base url 'http://127.0.0.1:5000'.</msg>
<status status="PASS" starttime="20230521 10:02:43.514" endtime="20230521 10:02:45.849"/>
</kw>
<kw name="Maximize Browser Window" library="SeleniumLibrary">
<doc>Maximizes current browser window.</doc>
<status status="PASS" starttime="20230521 10:02:45.849" endtime="20230521 10:02:46.019"/>
</kw>
<kw name="Wait Until Page Contains" library="SeleniumLibrary">
<arg>Flask application</arg>
<doc>Waits until ``text`` appears on the current page.</doc>
<status status="PASS" starttime="20230521 10:02:46.019" endtime="20230521 10:02:46.063"/>
</kw>
<status status="PASS" starttime="20230521 10:02:43.513" endtime="20230521 10:02:46.063"/>
</kw>
<kw name="Go to registration page" library="user">
<kw name="Click Link" library="SeleniumLibrary">
<arg>Sign up</arg>
<doc>Clicks a link identified by ``locator``.</doc>
<msg timestamp="20230521 10:02:46.068" level="INFO">Clicking link 'Sign up'.</msg>
<status status="PASS" starttime="20230521 10:02:46.067" endtime="20230521 10:02:46.248"/>
</kw>
<kw name="Wait Until Page Contains" library="SeleniumLibrary">
<arg>Password (at least 8 characters)</arg>
<doc>Waits until ``text`` appears on the current page.</doc>
<status status="PASS" starttime="20230521 10:02:46.248" endtime="20230521 10:02:46.272"/>
</kw>
<status status="PASS" starttime="20230521 10:02:46.067" endtime="20230521 10:02:46.273"/>
</kw>
<kw name="Use valid registration data" library="user">
<kw name="Input Text" library="SeleniumLibrary">
<arg>name=login</arg>
<arg>user1234</arg>
<doc>Types the given ``text`` into the text field identified by ``locator``.</doc>
<msg timestamp="20230521 10:02:46.276" level="INFO">Typing text 'user1234' into text field 'name=login'.</msg>
<status status="PASS" starttime="20230521 10:02:46.275" endtime="20230521 10:02:46.432"/>
</kw>
<kw name="Input Text" library="SeleniumLibrary">
<arg>name=password</arg>
<arg>user1234</arg>
<doc>Types the given ``text`` into the text field identified by ``locator``.</doc>
<msg timestamp="20230521 10:02:46.433" level="INFO">Typing text 'user1234' into text field 'name=password'.</msg>
<status status="PASS" starttime="20230521 10:02:46.432" endtime="20230521 10:02:46.703"/>
</kw>
<kw name="Input Text" library="SeleniumLibrary">
<arg>name=repeated_password</arg>
<arg>user1234</arg>
<doc>Types the given ``text`` into the text field identified by ``locator``.</doc>
<msg timestamp="20230521 10:02:46.706" level="INFO">Typing text 'user1234' into text field 'name=repeated_password'.</msg>
<status status="PASS" starttime="20230521 10:02:46.704" endtime="20230521 10:02:46.981"/>
</kw>
<kw name="Click Button" library="SeleniumLibrary">
<arg>Create new account</arg>
<doc>Clicks the button identified by ``locator``.</doc>
<msg timestamp="20230521 10:02:46.982" level="INFO">Clicking button 'Create new account'.</msg>
<status status="PASS" starttime="20230521 10:02:46.981" endtime="20230521 10:02:47.285"/>
</kw>
<status status="PASS" starttime="20230521 10:02:46.274" endtime="20230521 10:02:47.286"/>
</kw>
<kw name="Page Should Contain" library="SeleniumLibrary">
<arg>Successful created an account</arg>
<doc>Verifies that current page contains ``text``.</doc>
<msg timestamp="20230521 10:02:47.343" level="INFO">Current page contains text 'Successful created an account'.</msg>
<status status="PASS" starttime="20230521 10:02:47.291" endtime="20230521 10:02:47.343"/>
</kw>
<kw name="End test" library="user" type="TEARDOWN">
<kw name="Close Browser" library="SeleniumLibrary">
<doc>Closes the current browser.</doc>
<status status="PASS" starttime="20230521 10:02:47.345" endtime="20230521 10:02:49.626"/>
</kw>
<status status="PASS" starttime="20230521 10:02:47.345" endtime="20230521 10:02:49.626"/>
</kw>
<tag>1003</tag>
<tag>Registration</tag>
<tag>Smoke</tag>
<status status="PASS" starttime="20230521 10:02:43.512" endtime="20230521 10:02:49.627"/>
</test>
<status status="PASS" starttime="20230521 10:02:42.830" endtime="20230521 10:02:49.632"/>
</suite>
<status status="PASS" starttime="20230521 10:02:42.757" endtime="20230521 10:02:49.638"/>
</suite>
<statistics>
<total>
<stat pass="1" fail="0" skip="0">All Tests</stat>
</total>
<tag>
<stat pass="1" fail="0" skip="0">1003</stat>
<stat pass="1" fail="0" skip="0">Registration</stat>
<stat pass="1" fail="0" skip="0">Smoke</stat>
</tag>
<suite>
<stat pass="1" fail="0" skip="0" id="s1" name="Tests">Tests</stat>
<stat pass="1" fail="0" skip="0" id="s1-s1" name="User">Tests.User</stat>
</suite>
</statistics>
<errors>
</errors>
</robot>
